The system is: Darwin - 16.6.0 - x86_64
Compiling the C compiler identification source file "CMakeCCompilerId.c" succeeded.
Compiler:  
Build flags: 
Id flags: 

The output was:
0
=== BUILD TARGET CompilerIdC OF PROJECT CompilerIdC WITH THE DEFAULT CONFIGURATION (Debug) ===

Check dependencies

Write auxiliary files
write-file /Users/guangleiwang/phD/kernel/Gravity/build/CMakeFiles/3.2.3/CompilerIdC/CompilerIdC.build/Debug/CompilerIdC.build/CompilerIdC-all-non-framework-target-headers.hmap
write-file /Users/guangleiwang/phD/kernel/Gravity/build/CMakeFiles/3.2.3/CompilerIdC/CompilerIdC.build/Debug/CompilerIdC.build/CompilerIdC.hmap
write-file /Users/guangleiwang/phD/kernel/Gravity/build/CMakeFiles/3.2.3/CompilerIdC/CompilerIdC.build/Debug/CompilerIdC.build/CompilerIdC-all-target-headers.hmap
write-file /Users/guangleiwang/phD/kernel/Gravity/build/CMakeFiles/3.2.3/CompilerIdC/CompilerIdC.build/Debug/CompilerIdC.build/CompilerIdC-project-headers.hmap
write-file /Users/guangleiwang/phD/kernel/Gravity/build/CMakeFiles/3.2.3/CompilerIdC/CompilerIdC.build/Debug/CompilerIdC.build/CompilerIdC-own-target-headers.hmap
write-file /Users/guangleiwang/phD/kernel/Gravity/build/CMakeFiles/3.2.3/CompilerIdC/CompilerIdC.build/Debug/CompilerIdC.build/CompilerIdC-generated-files.hmap
write-file /Users/guangleiwang/phD/kernel/Gravity/build/CMakeFiles/3.2.3/CompilerIdC/CompilerIdC.build/Debug/CompilerIdC.build/Script-2C8FEB8E15DC1A1A00E56A5D.sh
chmod 0755 /Users/guangleiwang/phD/kernel/Gravity/build/CMakeFiles/3.2.3/CompilerIdC/CompilerIdC.build/Debug/CompilerIdC.build/Script-2C8FEB8E15DC1A1A00E56A5D.sh
/bin/mkdir -p /Users/guangleiwang/phD/kernel/Gravity/build/CMakeFiles/3.2.3/CompilerIdC/CompilerIdC.build/Debug/CompilerIdC.build/Objects-normal/i386
write-file /Users/guangleiwang/phD/kernel/Gravity/build/CMakeFiles/3.2.3/CompilerIdC/CompilerIdC.build/Debug/CompilerIdC.build/Objects-normal/i386/CompilerIdC.LinkFileList

CompileC CompilerIdC.build/Debug/CompilerIdC.build/Objects-normal/i386/CMakeCCompilerId.o CMakeCCompilerId.c normal i386 c com.apple.compilers.llvm.clang.1_0.compiler
    cd /Users/guangleiwang/phD/kernel/Gravity/build/CMakeFiles/3.2.3/CompilerIdC
    export LANG=en_US.US-ASCII
    /Applications/Xcode.app/Contents/Developer/Toolchains/XcodeDefault.xctoolchain/usr/bin/clang -x c -arch i386 -fmessage-length=0 -fdiagnostics-show-note-include-stack -fmacro-backtrace-limit=0 -Wno-trigraphs -fpascal-strings -Os -Wno-missing-field-initializers -Wno-missing-prototypes -Wno-return-type -Wno-missing-braces -Wparentheses -Wswitch -Wno-unused-function -Wno-unused-label -Wno-unused-parameter -Wno-unused-variable -Wunused-value -Wno-empty-body -Wno-uninitialized -Wno-unknown-pragmas -Wno-shadow -Wno-four-char-constants -Wno-conversion -Wno-constant-conversion -Wno-int-conversion -Wno-bool-conversion -Wno-enum-conversion -Wno-shorten-64-to-32 -Wpointer-sign -Wno-newline-eof -isysroot /Applications/Xcode.app/Contents/Developer/Platforms/MacOSX.platform/Developer/SDKs/MacOSX10.12.sdk -fasm-blocks -fstrict-aliasing -Wdeprecated-declarations -mmacosx-version-min=10.12 -g -fvisibility=hidden -Wno-sign-conversion -Wno-infinite-recursion -I/Users/guangleiwang/phD/kernel/Gravity/build/CMakeFiles/3.2.3/CompilerIdC/CompilerIdC.build/Debug/CompilerIdC.build/CompilerIdC.hmap -I/Users/guangleiwang/phD/kernel/Gravity/build/CMakeFiles/3.2.3/CompilerIdC/include -I/Users/guangleiwang/phD/kernel/Gravity/build/CMakeFiles/3.2.3/CompilerIdC/CompilerIdC.build/Debug/CompilerIdC.build/DerivedSources/i386 -I/Users/guangleiwang/phD/kernel/Gravity/build/CMakeFiles/3.2.3/CompilerIdC/CompilerIdC.build/Debug/CompilerIdC.build/DerivedSources -F/Users/guangleiwang/phD/kernel/Gravity/build/CMakeFiles/3.2.3/CompilerIdC -MMD -MT dependencies -MF /Users/guangleiwang/phD/kernel/Gravity/build/CMakeFiles/3.2.3/CompilerIdC/CompilerIdC.build/Debug/CompilerIdC.build/Objects-normal/i386/CMakeCCompilerId.d --serialize-diagnostics /Users/guangleiwang/phD/kernel/Gravity/build/CMakeFiles/3.2.3/CompilerIdC/CompilerIdC.build/Debug/CompilerIdC.build/Objects-normal/i386/CMakeCCompilerId.dia -c /Users/guangleiwang/phD/kernel/Gravity/build/CMakeFiles/3.2.3/CompilerIdC/CMakeCCompilerId.c -o /Users/guangleiwang/phD/kernel/Gravity/build/CMakeFiles/3.2.3/CompilerIdC/CompilerIdC.build/Debug/CompilerIdC.build/Objects-normal/i386/CMakeCCompilerId.o

Ld CompilerIdC normal i386
    cd /Users/guangleiwang/phD/kernel/Gravity/build/CMakeFiles/3.2.3/CompilerIdC
    export MACOSX_DEPLOYMENT_TARGET=10.12
    /Applications/Xcode.app/Contents/Developer/Toolchains/XcodeDefault.xctoolchain/usr/bin/clang -arch i386 -isysroot /Applications/Xcode.app/Contents/Developer/Platforms/MacOSX.platform/Developer/SDKs/MacOSX10.12.sdk -L/Users/guangleiwang/phD/kernel/Gravity/build/CMakeFiles/3.2.3/CompilerIdC -F/Users/guangleiwang/phD/kernel/Gravity/build/CMakeFiles/3.2.3/CompilerIdC -filelist /Users/guangleiwang/phD/kernel/Gravity/build/CMakeFiles/3.2.3/CompilerIdC/CompilerIdC.build/Debug/CompilerIdC.build/Objects-normal/i386/CompilerIdC.LinkFileList -mmacosx-version-min=10.12 -Xlinker -object_path_lto -Xlinker /Users/guangleiwang/phD/kernel/Gravity/build/CMakeFiles/3.2.3/CompilerIdC/CompilerIdC.build/Debug/CompilerIdC.build/Objects-normal/i386/CompilerIdC_lto.o -Xlinker -dependency_info -Xlinker /Users/guangleiwang/phD/kernel/Gravity/build/CMakeFiles/3.2.3/CompilerIdC/CompilerIdC.build/Debug/CompilerIdC.build/Objects-normal/i386/CompilerIdC_dependency_info.dat -o /Users/guangleiwang/phD/kernel/Gravity/build/CMakeFiles/3.2.3/CompilerIdC/CompilerIdC

PhaseScriptExecution Run\ Script CompilerIdC.build/Debug/CompilerIdC.build/Script-2C8FEB8E15DC1A1A00E56A5D.sh
    cd /Users/guangleiwang/phD/kernel/Gravity/build/CMakeFiles/3.2.3/CompilerIdC
    /bin/sh -c /Users/guangleiwang/phD/kernel/Gravity/build/CMakeFiles/3.2.3/CompilerIdC/CompilerIdC.build/Debug/CompilerIdC.build/Script-2C8FEB8E15DC1A1A00E56A5D.sh
GCC_VERSION=com.apple.compilers.llvm.clang.1_0

** BUILD SUCCEEDED **



Compilation of the C compiler identification source "CMakeCCompilerId.c" produced "CompilerIdC"

The C compiler identification is AppleClang, found in "/Users/guangleiwang/phD/kernel/Gravity/build/CMakeFiles/3.2.3/CompilerIdC/CompilerIdC"

Compiling the CXX compiler identification source file "CMakeCXXCompilerId.cpp" succeeded.
Compiler:  
Build flags: 
Id flags: 

The output was:
0
=== BUILD TARGET CompilerIdCXX OF PROJECT CompilerIdCXX WITH THE DEFAULT CONFIGURATION (Debug) ===

Check dependencies

Write auxiliary files
/bin/mkdir -p /Users/guangleiwang/phD/kernel/Gravity/build/CMakeFiles/3.2.3/CompilerIdCXX/CompilerIdCXX.build/Debug/CompilerIdCXX.build/Objects-normal/i386
write-file /Users/guangleiwang/phD/kernel/Gravity/build/CMakeFiles/3.2.3/CompilerIdCXX/CompilerIdCXX.build/Debug/CompilerIdCXX.build/Objects-normal/i386/CompilerIdCXX.LinkFileList
write-file /Users/guangleiwang/phD/kernel/Gravity/build/CMakeFiles/3.2.3/CompilerIdCXX/CompilerIdCXX.build/Debug/CompilerIdCXX.build/CompilerIdCXX-generated-files.hmap
write-file /Users/guangleiwang/phD/kernel/Gravity/build/CMakeFiles/3.2.3/CompilerIdCXX/CompilerIdCXX.build/Debug/CompilerIdCXX.build/Script-2C8FEB8E15DC1A1A00E56A5D.sh
chmod 0755 /Users/guangleiwang/phD/kernel/Gravity/build/CMakeFiles/3.2.3/CompilerIdCXX/CompilerIdCXX.build/Debug/CompilerIdCXX.build/Script-2C8FEB8E15DC1A1A00E56A5D.sh
write-file /Users/guangleiwang/phD/kernel/Gravity/build/CMakeFiles/3.2.3/CompilerIdCXX/CompilerIdCXX.build/Debug/CompilerIdCXX.build/CompilerIdCXX-project-headers.hmap
write-file /Users/guangleiwang/phD/kernel/Gravity/build/CMakeFiles/3.2.3/CompilerIdCXX/CompilerIdCXX.build/Debug/CompilerIdCXX.build/CompilerIdCXX-all-target-headers.hmap
write-file /Users/guangleiwang/phD/kernel/Gravity/build/CMakeFiles/3.2.3/CompilerIdCXX/CompilerIdCXX.build/Debug/CompilerIdCXX.build/CompilerIdCXX-all-non-framework-target-headers.hmap
write-file /Users/guangleiwang/phD/kernel/Gravity/build/CMakeFiles/3.2.3/CompilerIdCXX/CompilerIdCXX.build/Debug/CompilerIdCXX.build/CompilerIdCXX.hmap
write-file /Users/guangleiwang/phD/kernel/Gravity/build/CMakeFiles/3.2.3/CompilerIdCXX/CompilerIdCXX.build/Debug/CompilerIdCXX.build/CompilerIdCXX-own-target-headers.hmap

CompileC CompilerIdCXX.build/Debug/CompilerIdCXX.build/Objects-normal/i386/CMakeCXXCompilerId.o CMakeCXXCompilerId.cpp normal i386 c++ com.apple.compilers.llvm.clang.1_0.compiler
    cd /Users/guangleiwang/phD/kernel/Gravity/build/CMakeFiles/3.2.3/CompilerIdCXX
    export LANG=en_US.US-ASCII
    /Applications/Xcode.app/Contents/Developer/Toolchains/XcodeDefault.xctoolchain/usr/bin/clang -x c++ -arch i386 -fmessage-length=0 -fdiagnostics-show-note-include-stack -fmacro-backtrace-limit=0 -Wno-trigraphs -fpascal-strings -Os -Wno-missing-field-initializers -Wno-missing-prototypes -Wno-return-type -Wno-non-virtual-dtor -Wno-overloaded-virtual -Wno-exit-time-destructors -Wno-missing-braces -Wparentheses -Wswitch -Wno-unused-function -Wno-unused-label -Wno-unused-parameter -Wno-unused-variable -Wunused-value -Wno-empty-body -Wno-uninitialized -Wno-unknown-pragmas -Wno-shadow -Wno-four-char-constants -Wno-conversion -Wno-constant-conversion -Wno-int-conversion -Wno-bool-conversion -Wno-enum-conversion -Wno-shorten-64-to-32 -Wno-newline-eof -Wno-c++11-extensions -isysroot /Applications/Xcode.app/Contents/Developer/Platforms/MacOSX.platform/Developer/SDKs/MacOSX10.12.sdk -fasm-blocks -fstrict-aliasing -Wdeprecated-declarations -Winvalid-offsetof -mmacosx-version-min=10.12 -g -fvisibility=hidden -fvisibility-inlines-hidden -Wno-sign-conversion -Wno-infinite-recursion -Wno-move -I/Users/guangleiwang/phD/kernel/Gravity/build/CMakeFiles/3.2.3/CompilerIdCXX/CompilerIdCXX.build/Debug/CompilerIdCXX.build/CompilerIdCXX.hmap -I/Users/guangleiwang/phD/kernel/Gravity/build/CMakeFiles/3.2.3/CompilerIdCXX/include -I/Users/guangleiwang/phD/kernel/Gravity/build/CMakeFiles/3.2.3/CompilerIdCXX/CompilerIdCXX.build/Debug/CompilerIdCXX.build/DerivedSources/i386 -I/Users/guangleiwang/phD/kernel/Gravity/build/CMakeFiles/3.2.3/CompilerIdCXX/CompilerIdCXX.build/Debug/CompilerIdCXX.build/DerivedSources -F/Users/guangleiwang/phD/kernel/Gravity/build/CMakeFiles/3.2.3/CompilerIdCXX -MMD -MT dependencies -MF /Users/guangleiwang/phD/kernel/Gravity/build/CMakeFiles/3.2.3/CompilerIdCXX/CompilerIdCXX.build/Debug/CompilerIdCXX.build/Objects-normal/i386/CMakeCXXCompilerId.d --serialize-diagnostics /Users/guangleiwang/phD/kernel/Gravity/build/CMakeFiles/3.2.3/CompilerIdCXX/CompilerIdCXX.build/Debug/CompilerIdCXX.build/Objects-normal/i386/CMakeCXXCompilerId.dia -c /Users/guangleiwang/phD/kernel/Gravity/build/CMakeFiles/3.2.3/CompilerIdCXX/CMakeCXXCompilerId.cpp -o /Users/guangleiwang/phD/kernel/Gravity/build/CMakeFiles/3.2.3/CompilerIdCXX/CompilerIdCXX.build/Debug/CompilerIdCXX.build/Objects-normal/i386/CMakeCXXCompilerId.o

Ld CompilerIdCXX normal i386
    cd /Users/guangleiwang/phD/kernel/Gravity/build/CMakeFiles/3.2.3/CompilerIdCXX
    export MACOSX_DEPLOYMENT_TARGET=10.12
    /Applications/Xcode.app/Contents/Developer/Toolchains/XcodeDefault.xctoolchain/usr/bin/clang++ -arch i386 -isysroot /Applications/Xcode.app/Contents/Developer/Platforms/MacOSX.platform/Developer/SDKs/MacOSX10.12.sdk -L/Users/guangleiwang/phD/kernel/Gravity/build/CMakeFiles/3.2.3/CompilerIdCXX -F/Users/guangleiwang/phD/kernel/Gravity/build/CMakeFiles/3.2.3/CompilerIdCXX -filelist /Users/guangleiwang/phD/kernel/Gravity/build/CMakeFiles/3.2.3/CompilerIdCXX/CompilerIdCXX.build/Debug/CompilerIdCXX.build/Objects-normal/i386/CompilerIdCXX.LinkFileList -mmacosx-version-min=10.12 -Xlinker -object_path_lto -Xlinker /Users/guangleiwang/phD/kernel/Gravity/build/CMakeFiles/3.2.3/CompilerIdCXX/CompilerIdCXX.build/Debug/CompilerIdCXX.build/Objects-normal/i386/CompilerIdCXX_lto.o -Xlinker -dependency_info -Xlinker /Users/guangleiwang/phD/kernel/Gravity/build/CMakeFiles/3.2.3/CompilerIdCXX/CompilerIdCXX.build/Debug/CompilerIdCXX.build/Objects-normal/i386/CompilerIdCXX_dependency_info.dat -o /Users/guangleiwang/phD/kernel/Gravity/build/CMakeFiles/3.2.3/CompilerIdCXX/CompilerIdCXX

PhaseScriptExecution Run\ Script CompilerIdCXX.build/Debug/CompilerIdCXX.build/Script-2C8FEB8E15DC1A1A00E56A5D.sh
    cd /Users/guangleiwang/phD/kernel/Gravity/build/CMakeFiles/3.2.3/CompilerIdCXX
    /bin/sh -c /Users/guangleiwang/phD/kernel/Gravity/build/CMakeFiles/3.2.3/CompilerIdCXX/CompilerIdCXX.build/Debug/CompilerIdCXX.build/Script-2C8FEB8E15DC1A1A00E56A5D.sh
GCC_VERSION=com.apple.compilers.llvm.clang.1_0

** BUILD SUCCEEDED **



Compilation of the CXX compiler identification source "CMakeCXXCompilerId.cpp" produced "CompilerIdCXX"

The CXX compiler identification is AppleClang, found in "/Users/guangleiwang/phD/kernel/Gravity/build/CMakeFiles/3.2.3/CompilerIdCXX/CompilerIdCXX"

Determining if the C compiler works passed with the following output:
Change Dir: /Users/guangleiwang/phD/kernel/Gravity/build/CMakeFiles/CMakeTmp

Run Build Command:"/usr/bin/xcodebuild" "-project" "CMAKE_TRY_COMPILE.xcodeproj" "build" "-target" "cmTryCompileExec3102894800" "-configuration" "Debug"
=== BUILD TARGET cmTryCompileExec3102894800 OF PROJECT CMAKE_TRY_COMPILE WITH CONFIGURATION Debug ===

Check dependencies

Write auxiliary files
/bin/mkdir -p /Users/guangleiwang/phD/kernel/Gravity/build/CMakeFiles/CMakeTmp/CMAKE_TRY_COMPILE.build/Debug/cmTryCompileExec3102894800.build/Objects-normal/x86_64
write-file /Users/guangleiwang/phD/kernel/Gravity/build/CMakeFiles/CMakeTmp/CMAKE_TRY_COMPILE.build/Debug/cmTryCompileExec3102894800.build/Objects-normal/x86_64/cmTryCompileExec3102894800.LinkFileList

CompileC CMAKE_TRY_COMPILE.build/Debug/cmTryCompileExec3102894800.build/Objects-normal/x86_64/testCCompiler.o testCCompiler.c normal x86_64 c com.apple.compilers.llvm.clang.1_0.compiler
    cd /Users/guangleiwang/phD/kernel/Gravity/build/CMakeFiles/CMakeTmp
    export LANG=en_US.US-ASCII
    /Applications/Xcode.app/Contents/Developer/Toolchains/XcodeDefault.xctoolchain/usr/bin/clang -x c -arch x86_64 -fmessage-length=0 -fdiagnostics-show-note-include-stack -fmacro-backtrace-limit=0 -Wno-trigraphs -fpascal-strings -O0 -Wno-missing-field-initializers -Wno-missing-prototypes -Wno-return-type -Wno-missing-braces -Wparentheses -Wswitch -Wno-unused-function -Wno-unused-label -Wno-unused-parameter -Wno-unused-variable -Wunused-value -Wno-empty-body -Wno-uninitialized -Wno-unknown-pragmas -Wno-shadow -Wno-four-char-constants -Wno-conversion -Wno-constant-conversion -Wno-int-conversion -Wno-bool-conversion -Wno-enum-conversion -Wno-shorten-64-to-32 -Wpointer-sign -Wno-newline-eof -DCMAKE_INTDIR=\"Debug\" -isysroot /Applications/Xcode.app/Contents/Developer/Platforms/MacOSX.platform/Developer/SDKs/MacOSX10.12.sdk -fasm-blocks -fstrict-aliasing -Wdeprecated-declarations -mmacosx-version-min=10.12 -g -Wno-sign-conversion -Wno-infinite-recursion -I/Users/guangleiwang/phD/kernel/Gravity/build/CMakeFiles/CMakeTmp/Debug/include -I/Users/guangleiwang/phD/kernel/Gravity/build/CMakeFiles/CMakeTmp/CMAKE_TRY_COMPILE.build/Debug/cmTryCompileExec3102894800.build/DerivedSources/x86_64 -I/Users/guangleiwang/phD/kernel/Gravity/build/CMakeFiles/CMakeTmp/CMAKE_TRY_COMPILE.build/Debug/cmTryCompileExec3102894800.build/DerivedSources -Wmost -Wno-four-char-constants -Wno-unknown-pragmas -F/Users/guangleiwang/phD/kernel/Gravity/build/CMakeFiles/CMakeTmp/Debug -MMD -MT dependencies -MF /Users/guangleiwang/phD/kernel/Gravity/build/CMakeFiles/CMakeTmp/CMAKE_TRY_COMPILE.build/Debug/cmTryCompileExec3102894800.build/Objects-normal/x86_64/testCCompiler.d --serialize-diagnostics /Users/guangleiwang/phD/kernel/Gravity/build/CMakeFiles/CMakeTmp/CMAKE_TRY_COMPILE.build/Debug/cmTryCompileExec3102894800.build/Objects-normal/x86_64/testCCompiler.dia -c /Users/guangleiwang/phD/kernel/Gravity/build/CMakeFiles/CMakeTmp/testCCompiler.c -o /Users/guangleiwang/phD/kernel/Gravity/build/CMakeFiles/CMakeTmp/CMAKE_TRY_COMPILE.build/Debug/cmTryCompileExec3102894800.build/Objects-normal/x86_64/testCCompiler.o

Ld Debug/cmTryCompileExec3102894800 normal x86_64
    cd /Users/guangleiwang/phD/kernel/Gravity/build/CMakeFiles/CMakeTmp
    export MACOSX_DEPLOYMENT_TARGET=10.12
    /Applications/Xcode.app/Contents/Developer/Toolchains/XcodeDefault.xctoolchain/usr/bin/clang -arch x86_64 -isysroot /Applications/Xcode.app/Contents/Developer/Platforms/MacOSX.platform/Developer/SDKs/MacOSX10.12.sdk -L/Users/guangleiwang/phD/kernel/Gravity/build/CMakeFiles/CMakeTmp/Debug -F/Users/guangleiwang/phD/kernel/Gravity/build/CMakeFiles/CMakeTmp/Debug -filelist /Users/guangleiwang/phD/kernel/Gravity/build/CMakeFiles/CMakeTmp/CMAKE_TRY_COMPILE.build/Debug/cmTryCompileExec3102894800.build/Objects-normal/x86_64/cmTryCompileExec3102894800.LinkFileList -mmacosx-version-min=10.12 -Xlinker -object_path_lto -Xlinker /Users/guangleiwang/phD/kernel/Gravity/build/CMakeFiles/CMakeTmp/CMAKE_TRY_COMPILE.build/Debug/cmTryCompileExec3102894800.build/Objects-normal/x86_64/cmTryCompileExec3102894800_lto.o -Xlinker -no_deduplicate -Wl,-search_paths_first -Wl,-headerpad_max_install_names -Xlinker -dependency_info -Xlinker /Users/guangleiwang/phD/kernel/Gravity/build/CMakeFiles/CMakeTmp/CMAKE_TRY_COMPILE.build/Debug/cmTryCompileExec3102894800.build/Objects-normal/x86_64/cmTryCompileExec3102894800_dependency_info.dat -o /Users/guangleiwang/phD/kernel/Gravity/build/CMakeFiles/CMakeTmp/Debug/cmTryCompileExec3102894800

** BUILD SUCCEEDED **



Detecting C compiler ABI info compiled with the following output:
Change Dir: /Users/guangleiwang/phD/kernel/Gravity/build/CMakeFiles/CMakeTmp

Run Build Command:"/usr/bin/xcodebuild" "-project" "CMAKE_TRY_COMPILE.xcodeproj" "build" "-target" "cmTryCompileExec495967378" "-configuration" "Debug"
=== BUILD TARGET cmTryCompileExec495967378 OF PROJECT CMAKE_TRY_COMPILE WITH CONFIGURATION Debug ===

Check dependencies

Write auxiliary files
/bin/mkdir -p /Users/guangleiwang/phD/kernel/Gravity/build/CMakeFiles/CMakeTmp/CMAKE_TRY_COMPILE.build/Debug/cmTryCompileExec495967378.build/Objects-normal/x86_64
write-file /Users/guangleiwang/phD/kernel/Gravity/build/CMakeFiles/CMakeTmp/CMAKE_TRY_COMPILE.build/Debug/cmTryCompileExec495967378.build/Objects-normal/x86_64/cmTryCompileExec495967378.LinkFileList

CompileC CMAKE_TRY_COMPILE.build/Debug/cmTryCompileExec495967378.build/Objects-normal/x86_64/CMakeCCompilerABI.o /usr/local/Cellar/cmake/3.2.3/share/cmake/Modules/CMakeCCompilerABI.c normal x86_64 c com.apple.compilers.llvm.clang.1_0.compiler
    cd /Users/guangleiwang/phD/kernel/Gravity/build/CMakeFiles/CMakeTmp
    export LANG=en_US.US-ASCII
    /Applications/Xcode.app/Contents/Developer/Toolchains/XcodeDefault.xctoolchain/usr/bin/clang -x c -arch x86_64 -fmessage-length=0 -fdiagnostics-show-note-include-stack -fmacro-backtrace-limit=0 -Wno-trigraphs -fpascal-strings -O0 -Wno-missing-field-initializers -Wno-missing-prototypes -Wno-return-type -Wno-missing-braces -Wparentheses -Wswitch -Wno-unused-function -Wno-unused-label -Wno-unused-parameter -Wno-unused-variable -Wunused-value -Wno-empty-body -Wno-uninitialized -Wno-unknown-pragmas -Wno-shadow -Wno-four-char-constants -Wno-conversion -Wno-constant-conversion -Wno-int-conversion -Wno-bool-conversion -Wno-enum-conversion -Wno-shorten-64-to-32 -Wpointer-sign -Wno-newline-eof -DCMAKE_INTDIR=\"Debug\" -isysroot /Applications/Xcode.app/Contents/Developer/Platforms/MacOSX.platform/Developer/SDKs/MacOSX10.12.sdk -fasm-blocks -fstrict-aliasing -Wdeprecated-declarations -mmacosx-version-min=10.12 -g -Wno-sign-conversion -Wno-infinite-recursion -I/Users/guangleiwang/phD/kernel/Gravity/build/CMakeFiles/CMakeTmp/Debug/include -I/Users/guangleiwang/phD/kernel/Gravity/build/CMakeFiles/CMakeTmp/CMAKE_TRY_COMPILE.build/Debug/cmTryCompileExec495967378.build/DerivedSources/x86_64 -I/Users/guangleiwang/phD/kernel/Gravity/build/CMakeFiles/CMakeTmp/CMAKE_TRY_COMPILE.build/Debug/cmTryCompileExec495967378.build/DerivedSources -Wmost -Wno-four-char-constants -Wno-unknown-pragmas -F/Users/guangleiwang/phD/kernel/Gravity/build/CMakeFiles/CMakeTmp/Debug -MMD -MT dependencies -MF /Users/guangleiwang/phD/kernel/Gravity/build/CMakeFiles/CMakeTmp/CMAKE_TRY_COMPILE.build/Debug/cmTryCompileExec495967378.build/Objects-normal/x86_64/CMakeCCompilerABI.d --serialize-diagnostics /Users/guangleiwang/phD/kernel/Gravity/build/CMakeFiles/CMakeTmp/CMAKE_TRY_COMPILE.build/Debug/cmTryCompileExec495967378.build/Objects-normal/x86_64/CMakeCCompilerABI.dia -c /usr/local/Cellar/cmake/3.2.3/share/cmake/Modules/CMakeCCompilerABI.c -o /Users/guangleiwang/phD/kernel/Gravity/build/CMakeFiles/CMakeTmp/CMAKE_TRY_COMPILE.build/Debug/cmTryCompileExec495967378.build/Objects-normal/x86_64/CMakeCCompilerABI.o

Ld Debug/cmTryCompileExec495967378 normal x86_64
    cd /Users/guangleiwang/phD/kernel/Gravity/build/CMakeFiles/CMakeTmp
    export MACOSX_DEPLOYMENT_TARGET=10.12
    /Applications/Xcode.app/Contents/Developer/Toolchains/XcodeDefault.xctoolchain/usr/bin/clang -arch x86_64 -isysroot /Applications/Xcode.app/Contents/Developer/Platforms/MacOSX.platform/Developer/SDKs/MacOSX10.12.sdk -L/Users/guangleiwang/phD/kernel/Gravity/build/CMakeFiles/CMakeTmp/Debug -F/Users/guangleiwang/phD/kernel/Gravity/build/CMakeFiles/CMakeTmp/Debug -filelist /Users/guangleiwang/phD/kernel/Gravity/build/CMakeFiles/CMakeTmp/CMAKE_TRY_COMPILE.build/Debug/cmTryCompileExec495967378.build/Objects-normal/x86_64/cmTryCompileExec495967378.LinkFileList -mmacosx-version-min=10.12 -Xlinker -object_path_lto -Xlinker /Users/guangleiwang/phD/kernel/Gravity/build/CMakeFiles/CMakeTmp/CMAKE_TRY_COMPILE.build/Debug/cmTryCompileExec495967378.build/Objects-normal/x86_64/cmTryCompileExec495967378_lto.o -Xlinker -no_deduplicate -v -Wl,-v -Wl,-search_paths_first -Wl,-headerpad_max_install_names -Xlinker -dependency_info -Xlinker /Users/guangleiwang/phD/kernel/Gravity/build/CMakeFiles/CMakeTmp/CMAKE_TRY_COMPILE.build/Debug/cmTryCompileExec495967378.build/Objects-normal/x86_64/cmTryCompileExec495967378_dependency_info.dat -o /Users/guangleiwang/phD/kernel/Gravity/build/CMakeFiles/CMakeTmp/Debug/cmTryCompileExec495967378
Apple LLVM version 8.1.0 (clang-802.0.42)
Target: x86_64-apple-darwin16.6.0
Thread model: posix
InstalledDir: /Applications/Xcode.app/Contents/Developer/Toolchains/XcodeDefault.xctoolchain/usr/bin
 "/Applications/Xcode.app/Contents/Developer/Toolchains/XcodeDefault.xctoolchain/usr/bin/ld" -demangle -lto_library /Applications/Xcode.app/Contents/Developer/Toolchains/XcodeDefault.xctoolchain/usr/lib/libLTO.dylib -dynamic -arch x86_64 -macosx_version_min 10.12.0 -syslibroot /Applications/Xcode.app/Contents/Developer/Platforms/MacOSX.platform/Developer/SDKs/MacOSX10.12.sdk -o /Users/guangleiwang/phD/kernel/Gravity/build/CMakeFiles/CMakeTmp/Debug/cmTryCompileExec495967378 -L/Users/guangleiwang/phD/kernel/Gravity/build/CMakeFiles/CMakeTmp/Debug -filelist /Users/guangleiwang/phD/kernel/Gravity/build/CMakeFiles/CMakeTmp/CMAKE_TRY_COMPILE.build/Debug/cmTryCompileExec495967378.build/Objects-normal/x86_64/cmTryCompileExec495967378.LinkFileList -object_path_lto /Users/guangleiwang/phD/kernel/Gravity/build/CMakeFiles/CMakeTmp/CMAKE_TRY_COMPILE.build/Debug/cmTryCompileExec495967378.build/Objects-normal/x86_64/cmTryCompileExec495967378_lto.o -no_deduplicate -v -search_paths_first -headerpad_max_install_names -dependency_info /Users/guangleiwang/phD/kernel/Gravity/build/CMakeFiles/CMakeTmp/CMAKE_TRY_COMPILE.build/Debug/cmTryCompileExec495967378.build/Objects-normal/x86_64/cmTryCompileExec495967378_dependency_info.dat -lSystem /Applications/Xcode.app/Contents/Developer/Toolchains/XcodeDefault.xctoolchain/usr/bin/../lib/clang/8.1.0/lib/darwin/libclang_rt.osx.a -F/Users/guangleiwang/phD/kernel/Gravity/build/CMakeFiles/CMakeTmp/Debug
@(#)PROGRAM:ld  PROJECT:ld64-278.4
configured to support archs: armv6 armv7 armv7s arm64 i386 x86_64 x86_64h armv6m armv7k armv7m armv7em (tvOS)
Library search paths:
	/Users/guangleiwang/phD/kernel/Gravity/build/CMakeFiles/CMakeTmp/Debug
	/Applications/Xcode.app/Contents/Developer/Platforms/MacOSX.platform/Developer/SDKs/MacOSX10.12.sdk/usr/lib
Framework search paths:
	/Users/guangleiwang/phD/kernel/Gravity/build/CMakeFiles/CMakeTmp/Debug
	/Applications/Xcode.app/Contents/Developer/Platforms/MacOSX.platform/Developer/SDKs/MacOSX10.12.sdk/System/Library/Frameworks/

** BUILD SUCCEEDED **



Parsed C implicit link information from above output:
  link line regex: [^( *|.*[/\])(ld|([^/\]+-)?ld|collect2)[^/\]*( |$)]
  ignore line: [Change Dir: /Users/guangleiwang/phD/kernel/Gravity/build/CMakeFiles/CMakeTmp]
  ignore line: []
  ignore line: [Run Build Command:"/usr/bin/xcodebuild" "-project" "CMAKE_TRY_COMPILE.xcodeproj" "build" "-target" "cmTryCompileExec495967378" "-configuration" "Debug"]
  ignore line: [=== BUILD TARGET cmTryCompileExec495967378 OF PROJECT CMAKE_TRY_COMPILE WITH CONFIGURATION Debug ===]
  ignore line: []
  ignore line: [Check dependencies]
  ignore line: []
  ignore line: [Write auxiliary files]
  ignore line: [/bin/mkdir -p /Users/guangleiwang/phD/kernel/Gravity/build/CMakeFiles/CMakeTmp/CMAKE_TRY_COMPILE.build/Debug/cmTryCompileExec495967378.build/Objects-normal/x86_64]
  ignore line: [write-file /Users/guangleiwang/phD/kernel/Gravity/build/CMakeFiles/CMakeTmp/CMAKE_TRY_COMPILE.build/Debug/cmTryCompileExec495967378.build/Objects-normal/x86_64/cmTryCompileExec495967378.LinkFileList]
  ignore line: []
  ignore line: [CompileC CMAKE_TRY_COMPILE.build/Debug/cmTryCompileExec495967378.build/Objects-normal/x86_64/CMakeCCompilerABI.o /usr/local/Cellar/cmake/3.2.3/share/cmake/Modules/CMakeCCompilerABI.c normal x86_64 c com.apple.compilers.llvm.clang.1_0.compiler]
  ignore line: [    cd /Users/guangleiwang/phD/kernel/Gravity/build/CMakeFiles/CMakeTmp]
  ignore line: [    export LANG=en_US.US-ASCII]
  ignore line: [    /Applications/Xcode.app/Contents/Developer/Toolchains/XcodeDefault.xctoolchain/usr/bin/clang -x c -arch x86_64 -fmessage-length=0 -fdiagnostics-show-note-include-stack -fmacro-backtrace-limit=0 -Wno-trigraphs -fpascal-strings -O0 -Wno-missing-field-initializers -Wno-missing-prototypes -Wno-return-type -Wno-missing-braces -Wparentheses -Wswitch -Wno-unused-function -Wno-unused-label -Wno-unused-parameter -Wno-unused-variable -Wunused-value -Wno-empty-body -Wno-uninitialized -Wno-unknown-pragmas -Wno-shadow -Wno-four-char-constants -Wno-conversion -Wno-constant-conversion -Wno-int-conversion -Wno-bool-conversion -Wno-enum-conversion -Wno-shorten-64-to-32 -Wpointer-sign -Wno-newline-eof -DCMAKE_INTDIR=\"Debug\" -isysroot /Applications/Xcode.app/Contents/Developer/Platforms/MacOSX.platform/Developer/SDKs/MacOSX10.12.sdk -fasm-blocks -fstrict-aliasing -Wdeprecated-declarations -mmacosx-version-min=10.12 -g -Wno-sign-conversion -Wno-infinite-recursion -I/Users/guangleiwang/phD/kernel/Gravity/build/CMakeFiles/CMakeTmp/Debug/include -I/Users/guangleiwang/phD/kernel/Gravity/build/CMakeFiles/CMakeTmp/CMAKE_TRY_COMPILE.build/Debug/cmTryCompileExec495967378.build/DerivedSources/x86_64 -I/Users/guangleiwang/phD/kernel/Gravity/build/CMakeFiles/CMakeTmp/CMAKE_TRY_COMPILE.build/Debug/cmTryCompileExec495967378.build/DerivedSources -Wmost -Wno-four-char-constants -Wno-unknown-pragmas -F/Users/guangleiwang/phD/kernel/Gravity/build/CMakeFiles/CMakeTmp/Debug -MMD -MT dependencies -MF /Users/guangleiwang/phD/kernel/Gravity/build/CMakeFiles/CMakeTmp/CMAKE_TRY_COMPILE.build/Debug/cmTryCompileExec495967378.build/Objects-normal/x86_64/CMakeCCompilerABI.d --serialize-diagnostics /Users/guangleiwang/phD/kernel/Gravity/build/CMakeFiles/CMakeTmp/CMAKE_TRY_COMPILE.build/Debug/cmTryCompileExec495967378.build/Objects-normal/x86_64/CMakeCCompilerABI.dia -c /usr/local/Cellar/cmake/3.2.3/share/cmake/Modules/CMakeCCompilerABI.c -o /Users/guangleiwang/phD/kernel/Gravity/build/CMakeFiles/CMakeTmp/CMAKE_TRY_COMPILE.build/Debug/cmTryCompileExec495967378.build/Objects-normal/x86_64/CMakeCCompilerABI.o]
  ignore line: []
  ignore line: [Ld Debug/cmTryCompileExec495967378 normal x86_64]
  ignore line: [    cd /Users/guangleiwang/phD/kernel/Gravity/build/CMakeFiles/CMakeTmp]
  ignore line: [    export MACOSX_DEPLOYMENT_TARGET=10.12]
  ignore line: [    /Applications/Xcode.app/Contents/Developer/Toolchains/XcodeDefault.xctoolchain/usr/bin/clang -arch x86_64 -isysroot /Applications/Xcode.app/Contents/Developer/Platforms/MacOSX.platform/Developer/SDKs/MacOSX10.12.sdk -L/Users/guangleiwang/phD/kernel/Gravity/build/CMakeFiles/CMakeTmp/Debug -F/Users/guangleiwang/phD/kernel/Gravity/build/CMakeFiles/CMakeTmp/Debug -filelist /Users/guangleiwang/phD/kernel/Gravity/build/CMakeFiles/CMakeTmp/CMAKE_TRY_COMPILE.build/Debug/cmTryCompileExec495967378.build/Objects-normal/x86_64/cmTryCompileExec495967378.LinkFileList -mmacosx-version-min=10.12 -Xlinker -object_path_lto -Xlinker /Users/guangleiwang/phD/kernel/Gravity/build/CMakeFiles/CMakeTmp/CMAKE_TRY_COMPILE.build/Debug/cmTryCompileExec495967378.build/Objects-normal/x86_64/cmTryCompileExec495967378_lto.o -Xlinker -no_deduplicate -v -Wl,-v -Wl,-search_paths_first -Wl,-headerpad_max_install_names -Xlinker -dependency_info -Xlinker /Users/guangleiwang/phD/kernel/Gravity/build/CMakeFiles/CMakeTmp/CMAKE_TRY_COMPILE.build/Debug/cmTryCompileExec495967378.build/Objects-normal/x86_64/cmTryCompileExec495967378_dependency_info.dat -o /Users/guangleiwang/phD/kernel/Gravity/build/CMakeFiles/CMakeTmp/Debug/cmTryCompileExec495967378]
  ignore line: [Apple LLVM version 8.1.0 (clang-802.0.42)]
  ignore line: [Target: x86_64-apple-darwin16.6.0]
  ignore line: [Thread model: posix]
  ignore line: [InstalledDir: /Applications/Xcode.app/Contents/Developer/Toolchains/XcodeDefault.xctoolchain/usr/bin]
  reduced line: [ "/Applications/Xcode.app/Contents/Developer/Toolchains/XcodeDefault.xctoolchain/usr/bin/ld" -demangle -lto_library /Applications/Xcode.app/Contents/Developer/Toolchains/XcodeDefault.xctoolchain/usr/lib/libLTO.dylib -dynamic -arch x86_64 -macosx_version_min 10.12.0 -syslibroot /Applications/Xcode.app/Contents/Developer/Platforms/MacOSX.platform/Developer/SDKs/MacOSX10.12.sdk -o /Users/guangleiwang/phD/kernel/Gravity/build/CMakeFiles/CMakeTmp/Debug/cmTryCompileExec495967378 -L/Users/guangleiwang/phD/kernel/Gravity/build/CMakeFiles/CMakeTmp/Debug -filelist /Users/guangleiwang/phD/kernel/Gravity/build/CMakeFiles/CMakeTmp/CMAKE_TRY_COMPILE.build/Debug/cmTryCompileExec495967378.build/Objects-normal/x86_64/cmTryCompileExec495967378.LinkFileList -object_path_lto /Users/guangleiwang/phD/kernel/Gravity/build/CMakeFiles/CMakeTmp/CMAKE_TRY_COMPILE.build/Debug/cmTryCompileExec495967378.build/Objects-normal/x86_64/cmTryCompileExec495967378_lto.o -no_deduplicate -v -search_paths_first -headerpad_max_install_names -dependency_info /Users/guangleiwang/phD/kernel/Gravity/build/CMakeFiles/CMakeTmp/CMAKE_TRY_COMPILE.build/Debug/cmTryCompileExec495967378.build/Objects-normal/x86_64/cmTryCompileExec495967378_dependency_info.dat -lSystem /Applications/Xcode.app/Contents/Developer/Toolchains/XcodeDefault.xctoolchain/usr/bin/../lib/clang/8.1.0/lib/darwin/libclang_rt.osx.a -F/Users/guangleiwang/phD/kernel/Gravity/build/CMakeFiles/CMakeTmp/Debug]
            to: [ "/Applications/Xcode.app/Contents/Developer/Toolchains/XcodeDefault.xctoolchain/usr/bin/ld" -demangle -lto_library /Applications/Xcode.app/Contents/Developer/Toolchains/XcodeDefault.xctoolchain/usr/lib/libLTO.dylib -dynamic -arch x86_64 -macosx_version_min 10.12.0 -syslibroot /Applications/Xcode.app/Contents/Developer/Platforms/MacOSX.platform/Developer/SDKs/MacOSX10.12.sdk -o /Users/guangleiwang/phD/kernel/Gravity/build/CMakeFiles/CMakeTmp/Debug/cmTryCompileExec495967378 -filelist /Users/guangleiwang/phD/kernel/Gravity/build/CMakeFiles/CMakeTmp/CMAKE_TRY_COMPILE.build/Debug/cmTryCompileExec495967378.build/Objects-normal/x86_64/cmTryCompileExec495967378.LinkFileList -object_path_lto /Users/guangleiwang/phD/kernel/Gravity/build/CMakeFiles/CMakeTmp/CMAKE_TRY_COMPILE.build/Debug/cmTryCompileExec495967378.build/Objects-normal/x86_64/cmTryCompileExec495967378_lto.o -no_deduplicate -v -search_paths_first -headerpad_max_install_names -dependency_info /Users/guangleiwang/phD/kernel/Gravity/build/CMakeFiles/CMakeTmp/CMAKE_TRY_COMPILE.build/Debug/cmTryCompileExec495967378.build/Objects-normal/x86_64/cmTryCompileExec495967378_dependency_info.dat -lSystem /Applications/Xcode.app/Contents/Developer/Toolchains/XcodeDefault.xctoolchain/usr/bin/../lib/clang/8.1.0/lib/darwin/libclang_rt.osx.a ]
  link line: [ "/Applications/Xcode.app/Contents/Developer/Toolchains/XcodeDefault.xctoolchain/usr/bin/ld" -demangle -lto_library /Applications/Xcode.app/Contents/Developer/Toolchains/XcodeDefault.xctoolchain/usr/lib/libLTO.dylib -dynamic -arch x86_64 -macosx_version_min 10.12.0 -syslibroot /Applications/Xcode.app/Contents/Developer/Platforms/MacOSX.platform/Developer/SDKs/MacOSX10.12.sdk -o /Users/guangleiwang/phD/kernel/Gravity/build/CMakeFiles/CMakeTmp/Debug/cmTryCompileExec495967378 -filelist /Users/guangleiwang/phD/kernel/Gravity/build/CMakeFiles/CMakeTmp/CMAKE_TRY_COMPILE.build/Debug/cmTryCompileExec495967378.build/Objects-normal/x86_64/cmTryCompileExec495967378.LinkFileList -object_path_lto /Users/guangleiwang/phD/kernel/Gravity/build/CMakeFiles/CMakeTmp/CMAKE_TRY_COMPILE.build/Debug/cmTryCompileExec495967378.build/Objects-normal/x86_64/cmTryCompileExec495967378_lto.o -no_deduplicate -v -search_paths_first -headerpad_max_install_names -dependency_info /Users/guangleiwang/phD/kernel/Gravity/build/CMakeFiles/CMakeTmp/CMAKE_TRY_COMPILE.build/Debug/cmTryCompileExec495967378.build/Objects-normal/x86_64/cmTryCompileExec495967378_dependency_info.dat -lSystem /Applications/Xcode.app/Contents/Developer/Toolchains/XcodeDefault.xctoolchain/usr/bin/../lib/clang/8.1.0/lib/darwin/libclang_rt.osx.a ]
    arg [/Applications/Xcode.app/Contents/Developer/Toolchains/XcodeDefault.xctoolchain/usr/bin/ld] ==> ignore
    arg [-demangle] ==> ignore
    arg [-lto_library] ==> lib [to_library]
    arg [/Applications/Xcode.app/Contents/Developer/Toolchains/XcodeDefault.xctoolchain/usr/lib/libLTO.dylib] ==> ignore
    arg [-dynamic] ==> ignore
    arg [-arch] ==> ignore
    arg [x86_64] ==> ignore
    arg [-macosx_version_min] ==> ignore
    arg [10.12.0] ==> ignore
    arg [-syslibroot] ==> ignore
    arg [/Applications/Xcode.app/Contents/Developer/Platforms/MacOSX.platform/Developer/SDKs/MacOSX10.12.sdk] ==> ignore
    arg [-o] ==> ignore
    arg [/Users/guangleiwang/phD/kernel/Gravity/build/CMakeFiles/CMakeTmp/Debug/cmTryCompileExec495967378] ==> ignore
    arg [-filelist] ==> ignore
    arg [/Users/guangleiwang/phD/kernel/Gravity/build/CMakeFiles/CMakeTmp/CMAKE_TRY_COMPILE.build/Debug/cmTryCompileExec495967378.build/Objects-normal/x86_64/cmTryCompileExec495967378.LinkFileList] ==> ignore
    arg [-object_path_lto] ==> ignore
    arg [/Users/guangleiwang/phD/kernel/Gravity/build/CMakeFiles/CMakeTmp/CMAKE_TRY_COMPILE.build/Debug/cmTryCompileExec495967378.build/Objects-normal/x86_64/cmTryCompileExec495967378_lto.o] ==> ignore
    arg [-no_deduplicate] ==> ignore
    arg [-v] ==> ignore
    arg [-search_paths_first] ==> ignore
    arg [-headerpad_max_install_names] ==> ignore
    arg [-dependency_info] ==> ignore
    arg [/Users/guangleiwang/phD/kernel/Gravity/build/CMakeFiles/CMakeTmp/CMAKE_TRY_COMPILE.build/Debug/cmTryCompileExec495967378.build/Objects-normal/x86_64/cmTryCompileExec495967378_dependency_info.dat] ==> ignore
    arg [-lSystem] ==> lib [System]
    arg [/Applications/Xcode.app/Contents/Developer/Toolchains/XcodeDefault.xctoolchain/usr/bin/../lib/clang/8.1.0/lib/darwin/libclang_rt.osx.a] ==> lib [/Applications/Xcode.app/Contents/Developer/Toolchains/XcodeDefault.xctoolchain/usr/bin/../lib/clang/8.1.0/lib/darwin/libclang_rt.osx.a]
  Library search paths: [;/Users/guangleiwang/phD/kernel/Gravity/build/CMakeFiles/CMakeTmp/Debug;/Applications/Xcode.app/Contents/Developer/Platforms/MacOSX.platform/Developer/SDKs/MacOSX10.12.sdk/usr/lib]
  Framework search paths: [;/Users/guangleiwang/phD/kernel/Gravity/build/CMakeFiles/CMakeTmp/Debug;/Applications/Xcode.app/Contents/Developer/Platforms/MacOSX.platform/Developer/SDKs/MacOSX10.12.sdk/System/Library/Frameworks/]
  remove lib [System]
  collapse lib [/Applications/Xcode.app/Contents/Developer/Toolchains/XcodeDefault.xctoolchain/usr/bin/../lib/clang/8.1.0/lib/darwin/libclang_rt.osx.a] ==> [/Applications/Xcode.app/Contents/Developer/Toolchains/XcodeDefault.xctoolchain/usr/lib/clang/8.1.0/lib/darwin/libclang_rt.osx.a]
  collapse library dir [/Users/guangleiwang/phD/kernel/Gravity/build/CMakeFiles/CMakeTmp/Debug] ==> [/Users/guangleiwang/phD/kernel/Gravity/build/CMakeFiles/CMakeTmp/Debug], skipping non-system directory
  collapse library dir [/Applications/Xcode.app/Contents/Developer/Platforms/MacOSX.platform/Developer/SDKs/MacOSX10.12.sdk/usr/lib] ==> [/Applications/Xcode.app/Contents/Developer/Platforms/MacOSX.platform/Developer/SDKs/MacOSX10.12.sdk/usr/lib]
  collapse framework dir [/Users/guangleiwang/phD/kernel/Gravity/build/CMakeFiles/CMakeTmp/Debug] ==> [/Users/guangleiwang/phD/kernel/Gravity/build/CMakeFiles/CMakeTmp/Debug], skipping non-system directory
  collapse framework dir [/Applications/Xcode.app/Contents/Developer/Platforms/MacOSX.platform/Developer/SDKs/MacOSX10.12.sdk/System/Library/Frameworks/] ==> [/Applications/Xcode.app/Contents/Developer/Platforms/MacOSX.platform/Developer/SDKs/MacOSX10.12.sdk/System/Library/Frameworks]
  implicit libs: [to_library;/Applications/Xcode.app/Contents/Developer/Toolchains/XcodeDefault.xctoolchain/usr/lib/clang/8.1.0/lib/darwin/libclang_rt.osx.a]
  implicit dirs: [/Applications/Xcode.app/Contents/Developer/Platforms/MacOSX.platform/Developer/SDKs/MacOSX10.12.sdk/usr/lib]
  implicit fwks: [/Applications/Xcode.app/Contents/Developer/Platforms/MacOSX.platform/Developer/SDKs/MacOSX10.12.sdk/System/Library/Frameworks]




Detecting C [-std=c11] compiler features compiled with the following output:
Change Dir: /Users/guangleiwang/phD/kernel/Gravity/build/CMakeFiles/CMakeTmp

Run Build Command:"/usr/bin/xcodebuild" "-project" "CMAKE_TRY_COMPILE.xcodeproj" "build" "-target" "cmTryCompileExec3665435673" "-configuration" "Debug"
=== BUILD TARGET cmTryCompileExec3665435673 OF PROJECT CMAKE_TRY_COMPILE WITH CONFIGURATION Debug ===

Check dependencies

Write auxiliary files
/bin/mkdir -p /Users/guangleiwang/phD/kernel/Gravity/build/CMakeFiles/CMakeTmp/CMAKE_TRY_COMPILE.build/Debug/cmTryCompileExec3665435673.build/Objects-normal/x86_64
write-file /Users/guangleiwang/phD/kernel/Gravity/build/CMakeFiles/CMakeTmp/CMAKE_TRY_COMPILE.build/Debug/cmTryCompileExec3665435673.build/Objects-normal/x86_64/cmTryCompileExec3665435673.LinkFileList

CompileC CMAKE_TRY_COMPILE.build/Debug/cmTryCompileExec3665435673.build/Objects-normal/x86_64/feature_tests.o /Users/guangleiwang/phD/kernel/Gravity/build/CMakeFiles/feature_tests.c normal x86_64 c com.apple.compilers.llvm.clang.1_0.compiler
    cd /Users/guangleiwang/phD/kernel/Gravity/build/CMakeFiles/CMakeTmp
    export LANG=en_US.US-ASCII
    /Applications/Xcode.app/Contents/Developer/Toolchains/XcodeDefault.xctoolchain/usr/bin/clang -x c -arch x86_64 -fmessage-length=0 -fdiagnostics-show-note-include-stack -fmacro-backtrace-limit=0 -Wno-trigraphs -fpascal-strings -O0 -Wno-missing-field-initializers -Wno-missing-prototypes -Wno-return-type -Wno-missing-braces -Wparentheses -Wswitch -Wno-unused-function -Wno-unused-label -Wno-unused-parameter -Wno-unused-variable -Wunused-value -Wno-empty-body -Wno-uninitialized -Wno-unknown-pragmas -Wno-shadow -Wno-four-char-constants -Wno-conversion -Wno-constant-conversion -Wno-int-conversion -Wno-bool-conversion -Wno-enum-conversion -Wno-shorten-64-to-32 -Wpointer-sign -Wno-newline-eof -DCMAKE_INTDIR=\"Debug\" -isysroot /Applications/Xcode.app/Contents/Developer/Platforms/MacOSX.platform/Developer/SDKs/MacOSX10.12.sdk -fasm-blocks -fstrict-aliasing -Wdeprecated-declarations -mmacosx-version-min=10.12 -g -Wno-sign-conversion -Wno-infinite-recursion -I/Users/guangleiwang/phD/kernel/Gravity/build/CMakeFiles/CMakeTmp/Debug/include -I/Users/guangleiwang/phD/kernel/Gravity/build/CMakeFiles/CMakeTmp/CMAKE_TRY_COMPILE.build/Debug/cmTryCompileExec3665435673.build/DerivedSources/x86_64 -I/Users/guangleiwang/phD/kernel/Gravity/build/CMakeFiles/CMakeTmp/CMAKE_TRY_COMPILE.build/Debug/cmTryCompileExec3665435673.build/DerivedSources -Wmost -Wno-four-char-constants -Wno-unknown-pragmas -F/Users/guangleiwang/phD/kernel/Gravity/build/CMakeFiles/CMakeTmp/Debug -std=c11 -MMD -MT dependencies -MF /Users/guangleiwang/phD/kernel/Gravity/build/CMakeFiles/CMakeTmp/CMAKE_TRY_COMPILE.build/Debug/cmTryCompileExec3665435673.build/Objects-normal/x86_64/feature_tests.d --serialize-diagnostics /Users/guangleiwang/phD/kernel/Gravity/build/CMakeFiles/CMakeTmp/CMAKE_TRY_COMPILE.build/Debug/cmTryCompileExec3665435673.build/Objects-normal/x86_64/feature_tests.dia -c /Users/guangleiwang/phD/kernel/Gravity/build/CMakeFiles/feature_tests.c -o /Users/guangleiwang/phD/kernel/Gravity/build/CMakeFiles/CMakeTmp/CMAKE_TRY_COMPILE.build/Debug/cmTryCompileExec3665435673.build/Objects-normal/x86_64/feature_tests.o

Ld Debug/cmTryCompileExec3665435673 normal x86_64
    cd /Users/guangleiwang/phD/kernel/Gravity/build/CMakeFiles/CMakeTmp
    export MACOSX_DEPLOYMENT_TARGET=10.12
    /Applications/Xcode.app/Contents/Developer/Toolchains/XcodeDefault.xctoolchain/usr/bin/clang -arch x86_64 -isysroot /Applications/Xcode.app/Contents/Developer/Platforms/MacOSX.platform/Developer/SDKs/MacOSX10.12.sdk -L/Users/guangleiwang/phD/kernel/Gravity/build/CMakeFiles/CMakeTmp/Debug -F/Users/guangleiwang/phD/kernel/Gravity/build/CMakeFiles/CMakeTmp/Debug -filelist /Users/guangleiwang/phD/kernel/Gravity/build/CMakeFiles/CMakeTmp/CMAKE_TRY_COMPILE.build/Debug/cmTryCompileExec3665435673.build/Objects-normal/x86_64/cmTryCompileExec3665435673.LinkFileList -mmacosx-version-min=10.12 -Xlinker -object_path_lto -Xlinker /Users/guangleiwang/phD/kernel/Gravity/build/CMakeFiles/CMakeTmp/CMAKE_TRY_COMPILE.build/Debug/cmTryCompileExec3665435673.build/Objects-normal/x86_64/cmTryCompileExec3665435673_lto.o -Xlinker -no_deduplicate -Wl,-search_paths_first -Wl,-headerpad_max_install_names -Xlinker -dependency_info -Xlinker /Users/guangleiwang/phD/kernel/Gravity/build/CMakeFiles/CMakeTmp/CMAKE_TRY_COMPILE.build/Debug/cmTryCompileExec3665435673.build/Objects-normal/x86_64/cmTryCompileExec3665435673_dependency_info.dat -o /Users/guangleiwang/phD/kernel/Gravity/build/CMakeFiles/CMakeTmp/Debug/cmTryCompileExec3665435673

** BUILD SUCCEEDED **



    Feature record: C_FEATURE:1c_function_prototypes
    Feature record: C_FEATURE:1c_restrict
    Feature record: C_FEATURE:1c_static_assert
    Feature record: C_FEATURE:1c_variadic_macros


Detecting C [-std=c99] compiler features compiled with the following output:
Change Dir: /Users/guangleiwang/phD/kernel/Gravity/build/CMakeFiles/CMakeTmp

Run Build Command:"/usr/bin/xcodebuild" "-project" "CMAKE_TRY_COMPILE.xcodeproj" "build" "-target" "cmTryCompileExec2833574185" "-configuration" "Debug"
=== BUILD TARGET cmTryCompileExec2833574185 OF PROJECT CMAKE_TRY_COMPILE WITH CONFIGURATION Debug ===

Check dependencies

Write auxiliary files
/bin/mkdir -p /Users/guangleiwang/phD/kernel/Gravity/build/CMakeFiles/CMakeTmp/CMAKE_TRY_COMPILE.build/Debug/cmTryCompileExec2833574185.build/Objects-normal/x86_64
write-file /Users/guangleiwang/phD/kernel/Gravity/build/CMakeFiles/CMakeTmp/CMAKE_TRY_COMPILE.build/Debug/cmTryCompileExec2833574185.build/Objects-normal/x86_64/cmTryCompileExec2833574185.LinkFileList

CompileC CMAKE_TRY_COMPILE.build/Debug/cmTryCompileExec2833574185.build/Objects-normal/x86_64/feature_tests.o /Users/guangleiwang/phD/kernel/Gravity/build/CMakeFiles/feature_tests.c normal x86_64 c com.apple.compilers.llvm.clang.1_0.compiler
    cd /Users/guangleiwang/phD/kernel/Gravity/build/CMakeFiles/CMakeTmp
    export LANG=en_US.US-ASCII
    /Applications/Xcode.app/Contents/Developer/Toolchains/XcodeDefault.xctoolchain/usr/bin/clang -x c -arch x86_64 -fmessage-length=0 -fdiagnostics-show-note-include-stack -fmacro-backtrace-limit=0 -Wno-trigraphs -fpascal-strings -O0 -Wno-missing-field-initializers -Wno-missing-prototypes -Wno-return-type -Wno-missing-braces -Wparentheses -Wswitch -Wno-unused-function -Wno-unused-label -Wno-unused-parameter -Wno-unused-variable -Wunused-value -Wno-empty-body -Wno-uninitialized -Wno-unknown-pragmas -Wno-shadow -Wno-four-char-constants -Wno-conversion -Wno-constant-conversion -Wno-int-conversion -Wno-bool-conversion -Wno-enum-conversion -Wno-shorten-64-to-32 -Wpointer-sign -Wno-newline-eof -DCMAKE_INTDIR=\"Debug\" -isysroot /Applications/Xcode.app/Contents/Developer/Platforms/MacOSX.platform/Developer/SDKs/MacOSX10.12.sdk -fasm-blocks -fstrict-aliasing -Wdeprecated-declarations -mmacosx-version-min=10.12 -g -Wno-sign-conversion -Wno-infinite-recursion -I/Users/guangleiwang/phD/kernel/Gravity/build/CMakeFiles/CMakeTmp/Debug/include -I/Users/guangleiwang/phD/kernel/Gravity/build/CMakeFiles/CMakeTmp/CMAKE_TRY_COMPILE.build/Debug/cmTryCompileExec2833574185.build/DerivedSources/x86_64 -I/Users/guangleiwang/phD/kernel/Gravity/build/CMakeFiles/CMakeTmp/CMAKE_TRY_COMPILE.build/Debug/cmTryCompileExec2833574185.build/DerivedSources -Wmost -Wno-four-char-constants -Wno-unknown-pragmas -F/Users/guangleiwang/phD/kernel/Gravity/build/CMakeFiles/CMakeTmp/Debug -std=c99 -MMD -MT dependencies -MF /Users/guangleiwang/phD/kernel/Gravity/build/CMakeFiles/CMakeTmp/CMAKE_TRY_COMPILE.build/Debug/cmTryCompileExec2833574185.build/Objects-normal/x86_64/feature_tests.d --serialize-diagnostics /Users/guangleiwang/phD/kernel/Gravity/build/CMakeFiles/CMakeTmp/CMAKE_TRY_COMPILE.build/Debug/cmTryCompileExec2833574185.build/Objects-normal/x86_64/feature_tests.dia -c /Users/guangleiwang/phD/kernel/Gravity/build/CMakeFiles/feature_tests.c -o /Users/guangleiwang/phD/kernel/Gravity/build/CMakeFiles/CMakeTmp/CMAKE_TRY_COMPILE.build/Debug/cmTryCompileExec2833574185.build/Objects-normal/x86_64/feature_tests.o

Ld Debug/cmTryCompileExec2833574185 normal x86_64
    cd /Users/guangleiwang/phD/kernel/Gravity/build/CMakeFiles/CMakeTmp
    export MACOSX_DEPLOYMENT_TARGET=10.12
    /Applications/Xcode.app/Contents/Developer/Toolchains/XcodeDefault.xctoolchain/usr/bin/clang -arch x86_64 -isysroot /Applications/Xcode.app/Contents/Developer/Platforms/MacOSX.platform/Developer/SDKs/MacOSX10.12.sdk -L/Users/guangleiwang/phD/kernel/Gravity/build/CMakeFiles/CMakeTmp/Debug -F/Users/guangleiwang/phD/kernel/Gravity/build/CMakeFiles/CMakeTmp/Debug -filelist /Users/guangleiwang/phD/kernel/Gravity/build/CMakeFiles/CMakeTmp/CMAKE_TRY_COMPILE.build/Debug/cmTryCompileExec2833574185.build/Objects-normal/x86_64/cmTryCompileExec2833574185.LinkFileList -mmacosx-version-min=10.12 -Xlinker -object_path_lto -Xlinker /Users/guangleiwang/phD/kernel/Gravity/build/CMakeFiles/CMakeTmp/CMAKE_TRY_COMPILE.build/Debug/cmTryCompileExec2833574185.build/Objects-normal/x86_64/cmTryCompileExec2833574185_lto.o -Xlinker -no_deduplicate -Wl,-search_paths_first -Wl,-headerpad_max_install_names -Xlinker -dependency_info -Xlinker /Users/guangleiwang/phD/kernel/Gravity/build/CMakeFiles/CMakeTmp/CMAKE_TRY_COMPILE.build/Debug/cmTryCompileExec2833574185.build/Objects-normal/x86_64/cmTryCompileExec2833574185_dependency_info.dat -o /Users/guangleiwang/phD/kernel/Gravity/build/CMakeFiles/CMakeTmp/Debug/cmTryCompileExec2833574185

** BUILD SUCCEEDED **



    Feature record: C_FEATURE:1c_function_prototypes
    Feature record: C_FEATURE:1c_restrict
    Feature record: C_FEATURE:0c_static_assert
    Feature record: C_FEATURE:1c_variadic_macros


Detecting C [-std=c90] compiler features compiled with the following output:
Change Dir: /Users/guangleiwang/phD/kernel/Gravity/build/CMakeFiles/CMakeTmp

Run Build Command:"/usr/bin/xcodebuild" "-project" "CMAKE_TRY_COMPILE.xcodeproj" "build" "-target" "cmTryCompileExec1207343134" "-configuration" "Debug"
=== BUILD TARGET cmTryCompileExec1207343134 OF PROJECT CMAKE_TRY_COMPILE WITH CONFIGURATION Debug ===

Check dependencies

Write auxiliary files
/bin/mkdir -p /Users/guangleiwang/phD/kernel/Gravity/build/CMakeFiles/CMakeTmp/CMAKE_TRY_COMPILE.build/Debug/cmTryCompileExec1207343134.build/Objects-normal/x86_64
write-file /Users/guangleiwang/phD/kernel/Gravity/build/CMakeFiles/CMakeTmp/CMAKE_TRY_COMPILE.build/Debug/cmTryCompileExec1207343134.build/Objects-normal/x86_64/cmTryCompileExec1207343134.LinkFileList

CompileC CMAKE_TRY_COMPILE.build/Debug/cmTryCompileExec1207343134.build/Objects-normal/x86_64/feature_tests.o /Users/guangleiwang/phD/kernel/Gravity/build/CMakeFiles/feature_tests.c normal x86_64 c com.apple.compilers.llvm.clang.1_0.compiler
    cd /Users/guangleiwang/phD/kernel/Gravity/build/CMakeFiles/CMakeTmp
    export LANG=en_US.US-ASCII
    /Applications/Xcode.app/Contents/Developer/Toolchains/XcodeDefault.xctoolchain/usr/bin/clang -x c -arch x86_64 -fmessage-length=0 -fdiagnostics-show-note-include-stack -fmacro-backtrace-limit=0 -Wno-trigraphs -fpascal-strings -O0 -Wno-missing-field-initializers -Wno-missing-prototypes -Wno-return-type -Wno-missing-braces -Wparentheses -Wswitch -Wno-unused-function -Wno-unused-label -Wno-unused-parameter -Wno-unused-variable -Wunused-value -Wno-empty-body -Wno-uninitialized -Wno-unknown-pragmas -Wno-shadow -Wno-four-char-constants -Wno-conversion -Wno-constant-conversion -Wno-int-conversion -Wno-bool-conversion -Wno-enum-conversion -Wno-shorten-64-to-32 -Wpointer-sign -Wno-newline-eof -DCMAKE_INTDIR=\"Debug\" -isysroot /Applications/Xcode.app/Contents/Developer/Platforms/MacOSX.platform/Developer/SDKs/MacOSX10.12.sdk -fasm-blocks -fstrict-aliasing -Wdeprecated-declarations -mmacosx-version-min=10.12 -g -Wno-sign-conversion -Wno-infinite-recursion -I/Users/guangleiwang/phD/kernel/Gravity/build/CMakeFiles/CMakeTmp/Debug/include -I/Users/guangleiwang/phD/kernel/Gravity/build/CMakeFiles/CMakeTmp/CMAKE_TRY_COMPILE.build/Debug/cmTryCompileExec1207343134.build/DerivedSources/x86_64 -I/Users/guangleiwang/phD/kernel/Gravity/build/CMakeFiles/CMakeTmp/CMAKE_TRY_COMPILE.build/Debug/cmTryCompileExec1207343134.build/DerivedSources -Wmost -Wno-four-char-constants -Wno-unknown-pragmas -F/Users/guangleiwang/phD/kernel/Gravity/build/CMakeFiles/CMakeTmp/Debug -std=c90 -MMD -MT dependencies -MF /Users/guangleiwang/phD/kernel/Gravity/build/CMakeFiles/CMakeTmp/CMAKE_TRY_COMPILE.build/Debug/cmTryCompileExec1207343134.build/Objects-normal/x86_64/feature_tests.d --serialize-diagnostics /Users/guangleiwang/phD/kernel/Gravity/build/CMakeFiles/CMakeTmp/CMAKE_TRY_COMPILE.build/Debug/cmTryCompileExec1207343134.build/Objects-normal/x86_64/feature_tests.dia -c /Users/guangleiwang/phD/kernel/Gravity/build/CMakeFiles/feature_tests.c -o /Users/guangleiwang/phD/kernel/Gravity/build/CMakeFiles/CMakeTmp/CMAKE_TRY_COMPILE.build/Debug/cmTryCompileExec1207343134.build/Objects-normal/x86_64/feature_tests.o

Ld Debug/cmTryCompileExec1207343134 normal x86_64
    cd /Users/guangleiwang/phD/kernel/Gravity/build/CMakeFiles/CMakeTmp
    export MACOSX_DEPLOYMENT_TARGET=10.12
    /Applications/Xcode.app/Contents/Developer/Toolchains/XcodeDefault.xctoolchain/usr/bin/clang -arch x86_64 -isysroot /Applications/Xcode.app/Contents/Developer/Platforms/MacOSX.platform/Developer/SDKs/MacOSX10.12.sdk -L/Users/guangleiwang/phD/kernel/Gravity/build/CMakeFiles/CMakeTmp/Debug -F/Users/guangleiwang/phD/kernel/Gravity/build/CMakeFiles/CMakeTmp/Debug -filelist /Users/guangleiwang/phD/kernel/Gravity/build/CMakeFiles/CMakeTmp/CMAKE_TRY_COMPILE.build/Debug/cmTryCompileExec1207343134.build/Objects-normal/x86_64/cmTryCompileExec1207343134.LinkFileList -mmacosx-version-min=10.12 -Xlinker -object_path_lto -Xlinker /Users/guangleiwang/phD/kernel/Gravity/build/CMakeFiles/CMakeTmp/CMAKE_TRY_COMPILE.build/Debug/cmTryCompileExec1207343134.build/Objects-normal/x86_64/cmTryCompileExec1207343134_lto.o -Xlinker -no_deduplicate -Wl,-search_paths_first -Wl,-headerpad_max_install_names -Xlinker -dependency_info -Xlinker /Users/guangleiwang/phD/kernel/Gravity/build/CMakeFiles/CMakeTmp/CMAKE_TRY_COMPILE.build/Debug/cmTryCompileExec1207343134.build/Objects-normal/x86_64/cmTryCompileExec1207343134_dependency_info.dat -o /Users/guangleiwang/phD/kernel/Gravity/build/CMakeFiles/CMakeTmp/Debug/cmTryCompileExec1207343134

** BUILD SUCCEEDED **



    Feature record: C_FEATURE:1c_function_prototypes
    Feature record: C_FEATURE:0c_restrict
    Feature record: C_FEATURE:0c_static_assert
    Feature record: C_FEATURE:0c_variadic_macros
Determining if the CXX compiler works passed with the following output:
Change Dir: /Users/guangleiwang/phD/kernel/Gravity/build/CMakeFiles/CMakeTmp

Run Build Command:"/usr/bin/xcodebuild" "-project" "CMAKE_TRY_COMPILE.xcodeproj" "build" "-target" "cmTryCompileExec26329311" "-configuration" "Debug"
=== BUILD TARGET cmTryCompileExec26329311 OF PROJECT CMAKE_TRY_COMPILE WITH CONFIGURATION Debug ===

Check dependencies

Write auxiliary files
/bin/mkdir -p /Users/guangleiwang/phD/kernel/Gravity/build/CMakeFiles/CMakeTmp/CMAKE_TRY_COMPILE.build/Debug/cmTryCompileExec26329311.build/Objects-normal/x86_64
write-file /Users/guangleiwang/phD/kernel/Gravity/build/CMakeFiles/CMakeTmp/CMAKE_TRY_COMPILE.build/Debug/cmTryCompileExec26329311.build/Objects-normal/x86_64/cmTryCompileExec26329311.LinkFileList

CompileC CMAKE_TRY_COMPILE.build/Debug/cmTryCompileExec26329311.build/Objects-normal/x86_64/testCXXCompiler.o testCXXCompiler.cxx normal x86_64 c++ com.apple.compilers.llvm.clang.1_0.compiler
    cd /Users/guangleiwang/phD/kernel/Gravity/build/CMakeFiles/CMakeTmp
    export LANG=en_US.US-ASCII
    /Applications/Xcode.app/Contents/Developer/Toolchains/XcodeDefault.xctoolchain/usr/bin/clang -x c++ -arch x86_64 -fmessage-length=0 -fdiagnostics-show-note-include-stack -fmacro-backtrace-limit=0 -Wno-trigraphs -fpascal-strings -O0 -Wno-missing-field-initializers -Wno-missing-prototypes -Wno-return-type -Wno-non-virtual-dtor -Wno-overloaded-virtual -Wno-exit-time-destructors -Wno-missing-braces -Wparentheses -Wswitch -Wno-unused-function -Wno-unused-label -Wno-unused-parameter -Wno-unused-variable -Wunused-value -Wno-empty-body -Wno-uninitialized -Wno-unknown-pragmas -Wno-shadow -Wno-four-char-constants -Wno-conversion -Wno-constant-conversion -Wno-int-conversion -Wno-bool-conversion -Wno-enum-conversion -Wno-shorten-64-to-32 -Wno-newline-eof -Wno-c++11-extensions -DCMAKE_INTDIR=\"Debug\" -isysroot /Applications/Xcode.app/Contents/Developer/Platforms/MacOSX.platform/Developer/SDKs/MacOSX10.12.sdk -fasm-blocks -fstrict-aliasing -Wdeprecated-declarations -Winvalid-offsetof -mmacosx-version-min=10.12 -Wno-sign-conversion -Wno-infinite-recursion -Wno-move -I/Users/guangleiwang/phD/kernel/Gravity/build/CMakeFiles/CMakeTmp/Debug/include -I/Users/guangleiwang/phD/kernel/Gravity/build/CMakeFiles/CMakeTmp/CMAKE_TRY_COMPILE.build/Debug/cmTryCompileExec26329311.build/DerivedSources/x86_64 -I/Users/guangleiwang/phD/kernel/Gravity/build/CMakeFiles/CMakeTmp/CMAKE_TRY_COMPILE.build/Debug/cmTryCompileExec26329311.build/DerivedSources -Wmost -Wno-four-char-constants -Wno-unknown-pragmas -F/Users/guangleiwang/phD/kernel/Gravity/build/CMakeFiles/CMakeTmp/Debug -g -MMD -MT dependencies -MF /Users/guangleiwang/phD/kernel/Gravity/build/CMakeFiles/CMakeTmp/CMAKE_TRY_COMPILE.build/Debug/cmTryCompileExec26329311.build/Objects-normal/x86_64/testCXXCompiler.d --serialize-diagnostics /Users/guangleiwang/phD/kernel/Gravity/build/CMakeFiles/CMakeTmp/CMAKE_TRY_COMPILE.build/Debug/cmTryCompileExec26329311.build/Objects-normal/x86_64/testCXXCompiler.dia -c /Users/guangleiwang/phD/kernel/Gravity/build/CMakeFiles/CMakeTmp/testCXXCompiler.cxx -o /Users/guangleiwang/phD/kernel/Gravity/build/CMakeFiles/CMakeTmp/CMAKE_TRY_COMPILE.build/Debug/cmTryCompileExec26329311.build/Objects-normal/x86_64/testCXXCompiler.o

Ld Debug/cmTryCompileExec26329311 normal x86_64
    cd /Users/guangleiwang/phD/kernel/Gravity/build/CMakeFiles/CMakeTmp
    export MACOSX_DEPLOYMENT_TARGET=10.12
    /Applications/Xcode.app/Contents/Developer/Toolchains/XcodeDefault.xctoolchain/usr/bin/clang++ -arch x86_64 -isysroot /Applications/Xcode.app/Contents/Developer/Platforms/MacOSX.platform/Developer/SDKs/MacOSX10.12.sdk -L/Users/guangleiwang/phD/kernel/Gravity/build/CMakeFiles/CMakeTmp/Debug -F/Users/guangleiwang/phD/kernel/Gravity/build/CMakeFiles/CMakeTmp/Debug -filelist /Users/guangleiwang/phD/kernel/Gravity/build/CMakeFiles/CMakeTmp/CMAKE_TRY_COMPILE.build/Debug/cmTryCompileExec26329311.build/Objects-normal/x86_64/cmTryCompileExec26329311.LinkFileList -mmacosx-version-min=10.12 -Xlinker -no_deduplicate -Wl,-search_paths_first -Wl,-headerpad_max_install_names -Xlinker -dependency_info -Xlinker /Users/guangleiwang/phD/kernel/Gravity/build/CMakeFiles/CMakeTmp/CMAKE_TRY_COMPILE.build/Debug/cmTryCompileExec26329311.build/Objects-normal/x86_64/cmTryCompileExec26329311_dependency_info.dat -o /Users/guangleiwang/phD/kernel/Gravity/build/CMakeFiles/CMakeTmp/Debug/cmTryCompileExec26329311

** BUILD SUCCEEDED **



Detecting CXX compiler ABI info compiled with the following output:
Change Dir: /Users/guangleiwang/phD/kernel/Gravity/build/CMakeFiles/CMakeTmp

Run Build Command:"/usr/bin/xcodebuild" "-project" "CMAKE_TRY_COMPILE.xcodeproj" "build" "-target" "cmTryCompileExec1436063726" "-configuration" "Debug"
=== BUILD TARGET cmTryCompileExec1436063726 OF PROJECT CMAKE_TRY_COMPILE WITH CONFIGURATION Debug ===

Check dependencies

Write auxiliary files
/bin/mkdir -p /Users/guangleiwang/phD/kernel/Gravity/build/CMakeFiles/CMakeTmp/CMAKE_TRY_COMPILE.build/Debug/cmTryCompileExec1436063726.build/Objects-normal/x86_64
write-file /Users/guangleiwang/phD/kernel/Gravity/build/CMakeFiles/CMakeTmp/CMAKE_TRY_COMPILE.build/Debug/cmTryCompileExec1436063726.build/Objects-normal/x86_64/cmTryCompileExec1436063726.LinkFileList

CompileC CMAKE_TRY_COMPILE.build/Debug/cmTryCompileExec1436063726.build/Objects-normal/x86_64/CMakeCXXCompilerABI.o /usr/local/Cellar/cmake/3.2.3/share/cmake/Modules/CMakeCXXCompilerABI.cpp normal x86_64 c++ com.apple.compilers.llvm.clang.1_0.compiler
    cd /Users/guangleiwang/phD/kernel/Gravity/build/CMakeFiles/CMakeTmp
    export LANG=en_US.US-ASCII
    /Applications/Xcode.app/Contents/Developer/Toolchains/XcodeDefault.xctoolchain/usr/bin/clang -x c++ -arch x86_64 -fmessage-length=0 -fdiagnostics-show-note-include-stack -fmacro-backtrace-limit=0 -Wno-trigraphs -fpascal-strings -O0 -Wno-missing-field-initializers -Wno-missing-prototypes -Wno-return-type -Wno-non-virtual-dtor -Wno-overloaded-virtual -Wno-exit-time-destructors -Wno-missing-braces -Wparentheses -Wswitch -Wno-unused-function -Wno-unused-label -Wno-unused-parameter -Wno-unused-variable -Wunused-value -Wno-empty-body -Wno-uninitialized -Wno-unknown-pragmas -Wno-shadow -Wno-four-char-constants -Wno-conversion -Wno-constant-conversion -Wno-int-conversion -Wno-bool-conversion -Wno-enum-conversion -Wno-shorten-64-to-32 -Wno-newline-eof -Wno-c++11-extensions -DCMAKE_INTDIR=\"Debug\" -isysroot /Applications/Xcode.app/Contents/Developer/Platforms/MacOSX.platform/Developer/SDKs/MacOSX10.12.sdk -fasm-blocks -fstrict-aliasing -Wdeprecated-declarations -Winvalid-offsetof -mmacosx-version-min=10.12 -Wno-sign-conversion -Wno-infinite-recursion -Wno-move -I/Users/guangleiwang/phD/kernel/Gravity/build/CMakeFiles/CMakeTmp/Debug/include -I/Users/guangleiwang/phD/kernel/Gravity/build/CMakeFiles/CMakeTmp/CMAKE_TRY_COMPILE.build/Debug/cmTryCompileExec1436063726.build/DerivedSources/x86_64 -I/Users/guangleiwang/phD/kernel/Gravity/build/CMakeFiles/CMakeTmp/CMAKE_TRY_COMPILE.build/Debug/cmTryCompileExec1436063726.build/DerivedSources -Wmost -Wno-four-char-constants -Wno-unknown-pragmas -F/Users/guangleiwang/phD/kernel/Gravity/build/CMakeFiles/CMakeTmp/Debug -g -MMD -MT dependencies -MF /Users/guangleiwang/phD/kernel/Gravity/build/CMakeFiles/CMakeTmp/CMAKE_TRY_COMPILE.build/Debug/cmTryCompileExec1436063726.build/Objects-normal/x86_64/CMakeCXXCompilerABI.d --serialize-diagnostics /Users/guangleiwang/phD/kernel/Gravity/build/CMakeFiles/CMakeTmp/CMAKE_TRY_COMPILE.build/Debug/cmTryCompileExec1436063726.build/Objects-normal/x86_64/CMakeCXXCompilerABI.dia -c /usr/local/Cellar/cmake/3.2.3/share/cmake/Modules/CMakeCXXCompilerABI.cpp -o /Users/guangleiwang/phD/kernel/Gravity/build/CMakeFiles/CMakeTmp/CMAKE_TRY_COMPILE.build/Debug/cmTryCompileExec1436063726.build/Objects-normal/x86_64/CMakeCXXCompilerABI.o

Ld Debug/cmTryCompileExec1436063726 normal x86_64
    cd /Users/guangleiwang/phD/kernel/Gravity/build/CMakeFiles/CMakeTmp
    export MACOSX_DEPLOYMENT_TARGET=10.12
    /Applications/Xcode.app/Contents/Developer/Toolchains/XcodeDefault.xctoolchain/usr/bin/clang++ -arch x86_64 -isysroot /Applications/Xcode.app/Contents/Developer/Platforms/MacOSX.platform/Developer/SDKs/MacOSX10.12.sdk -L/Users/guangleiwang/phD/kernel/Gravity/build/CMakeFiles/CMakeTmp/Debug -F/Users/guangleiwang/phD/kernel/Gravity/build/CMakeFiles/CMakeTmp/Debug -filelist /Users/guangleiwang/phD/kernel/Gravity/build/CMakeFiles/CMakeTmp/CMAKE_TRY_COMPILE.build/Debug/cmTryCompileExec1436063726.build/Objects-normal/x86_64/cmTryCompileExec1436063726.LinkFileList -mmacosx-version-min=10.12 -Xlinker -no_deduplicate -v -Wl,-v -Wl,-search_paths_first -Wl,-headerpad_max_install_names -Xlinker -dependency_info -Xlinker /Users/guangleiwang/phD/kernel/Gravity/build/CMakeFiles/CMakeTmp/CMAKE_TRY_COMPILE.build/Debug/cmTryCompileExec1436063726.build/Objects-normal/x86_64/cmTryCompileExec1436063726_dependency_info.dat -o /Users/guangleiwang/phD/kernel/Gravity/build/CMakeFiles/CMakeTmp/Debug/cmTryCompileExec1436063726
Apple LLVM version 8.1.0 (clang-802.0.42)
Target: x86_64-apple-darwin16.6.0
Thread model: posix
InstalledDir: /Applications/Xcode.app/Contents/Developer/Toolchains/XcodeDefault.xctoolchain/usr/bin
 "/Applications/Xcode.app/Contents/Developer/Toolchains/XcodeDefault.xctoolchain/usr/bin/ld" -demangle -lto_library /Applications/Xcode.app/Contents/Developer/Toolchains/XcodeDefault.xctoolchain/usr/lib/libLTO.dylib -dynamic -arch x86_64 -macosx_version_min 10.12.0 -syslibroot /Applications/Xcode.app/Contents/Developer/Platforms/MacOSX.platform/Developer/SDKs/MacOSX10.12.sdk -o /Users/guangleiwang/phD/kernel/Gravity/build/CMakeFiles/CMakeTmp/Debug/cmTryCompileExec1436063726 -L/Users/guangleiwang/phD/kernel/Gravity/build/CMakeFiles/CMakeTmp/Debug -filelist /Users/guangleiwang/phD/kernel/Gravity/build/CMakeFiles/CMakeTmp/CMAKE_TRY_COMPILE.build/Debug/cmTryCompileExec1436063726.build/Objects-normal/x86_64/cmTryCompileExec1436063726.LinkFileList -no_deduplicate -v -search_paths_first -headerpad_max_install_names -dependency_info /Users/guangleiwang/phD/kernel/Gravity/build/CMakeFiles/CMakeTmp/CMAKE_TRY_COMPILE.build/Debug/cmTryCompileExec1436063726.build/Objects-normal/x86_64/cmTryCompileExec1436063726_dependency_info.dat -lc++ -lSystem /Applications/Xcode.app/Contents/Developer/Toolchains/XcodeDefault.xctoolchain/usr/bin/../lib/clang/8.1.0/lib/darwin/libclang_rt.osx.a -F/Users/guangleiwang/phD/kernel/Gravity/build/CMakeFiles/CMakeTmp/Debug
@(#)PROGRAM:ld  PROJECT:ld64-278.4
configured to support archs: armv6 armv7 armv7s arm64 i386 x86_64 x86_64h armv6m armv7k armv7m armv7em (tvOS)
Library search paths:
	/Users/guangleiwang/phD/kernel/Gravity/build/CMakeFiles/CMakeTmp/Debug
	/Applications/Xcode.app/Contents/Developer/Platforms/MacOSX.platform/Developer/SDKs/MacOSX10.12.sdk/usr/lib
Framework search paths:
	/Users/guangleiwang/phD/kernel/Gravity/build/CMakeFiles/CMakeTmp/Debug
	/Applications/Xcode.app/Contents/Developer/Platforms/MacOSX.platform/Developer/SDKs/MacOSX10.12.sdk/System/Library/Frameworks/

** BUILD SUCCEEDED **



Parsed CXX implicit link information from above output:
  link line regex: [^( *|.*[/\])(ld|([^/\]+-)?ld|collect2)[^/\]*( |$)]
  ignore line: [Change Dir: /Users/guangleiwang/phD/kernel/Gravity/build/CMakeFiles/CMakeTmp]
  ignore line: []
  ignore line: [Run Build Command:"/usr/bin/xcodebuild" "-project" "CMAKE_TRY_COMPILE.xcodeproj" "build" "-target" "cmTryCompileExec1436063726" "-configuration" "Debug"]
  ignore line: [=== BUILD TARGET cmTryCompileExec1436063726 OF PROJECT CMAKE_TRY_COMPILE WITH CONFIGURATION Debug ===]
  ignore line: []
  ignore line: [Check dependencies]
  ignore line: []
  ignore line: [Write auxiliary files]
  ignore line: [/bin/mkdir -p /Users/guangleiwang/phD/kernel/Gravity/build/CMakeFiles/CMakeTmp/CMAKE_TRY_COMPILE.build/Debug/cmTryCompileExec1436063726.build/Objects-normal/x86_64]
  ignore line: [write-file /Users/guangleiwang/phD/kernel/Gravity/build/CMakeFiles/CMakeTmp/CMAKE_TRY_COMPILE.build/Debug/cmTryCompileExec1436063726.build/Objects-normal/x86_64/cmTryCompileExec1436063726.LinkFileList]
  ignore line: []
  ignore line: [CompileC CMAKE_TRY_COMPILE.build/Debug/cmTryCompileExec1436063726.build/Objects-normal/x86_64/CMakeCXXCompilerABI.o /usr/local/Cellar/cmake/3.2.3/share/cmake/Modules/CMakeCXXCompilerABI.cpp normal x86_64 c++ com.apple.compilers.llvm.clang.1_0.compiler]
  ignore line: [    cd /Users/guangleiwang/phD/kernel/Gravity/build/CMakeFiles/CMakeTmp]
  ignore line: [    export LANG=en_US.US-ASCII]
  ignore line: [    /Applications/Xcode.app/Contents/Developer/Toolchains/XcodeDefault.xctoolchain/usr/bin/clang -x c++ -arch x86_64 -fmessage-length=0 -fdiagnostics-show-note-include-stack -fmacro-backtrace-limit=0 -Wno-trigraphs -fpascal-strings -O0 -Wno-missing-field-initializers -Wno-missing-prototypes -Wno-return-type -Wno-non-virtual-dtor -Wno-overloaded-virtual -Wno-exit-time-destructors -Wno-missing-braces -Wparentheses -Wswitch -Wno-unused-function -Wno-unused-label -Wno-unused-parameter -Wno-unused-variable -Wunused-value -Wno-empty-body -Wno-uninitialized -Wno-unknown-pragmas -Wno-shadow -Wno-four-char-constants -Wno-conversion -Wno-constant-conversion -Wno-int-conversion -Wno-bool-conversion -Wno-enum-conversion -Wno-shorten-64-to-32 -Wno-newline-eof -Wno-c++11-extensions -DCMAKE_INTDIR=\"Debug\" -isysroot /Applications/Xcode.app/Contents/Developer/Platforms/MacOSX.platform/Developer/SDKs/MacOSX10.12.sdk -fasm-blocks -fstrict-aliasing -Wdeprecated-declarations -Winvalid-offsetof -mmacosx-version-min=10.12 -Wno-sign-conversion -Wno-infinite-recursion -Wno-move -I/Users/guangleiwang/phD/kernel/Gravity/build/CMakeFiles/CMakeTmp/Debug/include -I/Users/guangleiwang/phD/kernel/Gravity/build/CMakeFiles/CMakeTmp/CMAKE_TRY_COMPILE.build/Debug/cmTryCompileExec1436063726.build/DerivedSources/x86_64 -I/Users/guangleiwang/phD/kernel/Gravity/build/CMakeFiles/CMakeTmp/CMAKE_TRY_COMPILE.build/Debug/cmTryCompileExec1436063726.build/DerivedSources -Wmost -Wno-four-char-constants -Wno-unknown-pragmas -F/Users/guangleiwang/phD/kernel/Gravity/build/CMakeFiles/CMakeTmp/Debug -g -MMD -MT dependencies -MF /Users/guangleiwang/phD/kernel/Gravity/build/CMakeFiles/CMakeTmp/CMAKE_TRY_COMPILE.build/Debug/cmTryCompileExec1436063726.build/Objects-normal/x86_64/CMakeCXXCompilerABI.d --serialize-diagnostics /Users/guangleiwang/phD/kernel/Gravity/build/CMakeFiles/CMakeTmp/CMAKE_TRY_COMPILE.build/Debug/cmTryCompileExec1436063726.build/Objects-normal/x86_64/CMakeCXXCompilerABI.dia -c /usr/local/Cellar/cmake/3.2.3/share/cmake/Modules/CMakeCXXCompilerABI.cpp -o /Users/guangleiwang/phD/kernel/Gravity/build/CMakeFiles/CMakeTmp/CMAKE_TRY_COMPILE.build/Debug/cmTryCompileExec1436063726.build/Objects-normal/x86_64/CMakeCXXCompilerABI.o]
  ignore line: []
  ignore line: [Ld Debug/cmTryCompileExec1436063726 normal x86_64]
  ignore line: [    cd /Users/guangleiwang/phD/kernel/Gravity/build/CMakeFiles/CMakeTmp]
  ignore line: [    export MACOSX_DEPLOYMENT_TARGET=10.12]
  ignore line: [    /Applications/Xcode.app/Contents/Developer/Toolchains/XcodeDefault.xctoolchain/usr/bin/clang++ -arch x86_64 -isysroot /Applications/Xcode.app/Contents/Developer/Platforms/MacOSX.platform/Developer/SDKs/MacOSX10.12.sdk -L/Users/guangleiwang/phD/kernel/Gravity/build/CMakeFiles/CMakeTmp/Debug -F/Users/guangleiwang/phD/kernel/Gravity/build/CMakeFiles/CMakeTmp/Debug -filelist /Users/guangleiwang/phD/kernel/Gravity/build/CMakeFiles/CMakeTmp/CMAKE_TRY_COMPILE.build/Debug/cmTryCompileExec1436063726.build/Objects-normal/x86_64/cmTryCompileExec1436063726.LinkFileList -mmacosx-version-min=10.12 -Xlinker -no_deduplicate -v -Wl,-v -Wl,-search_paths_first -Wl,-headerpad_max_install_names -Xlinker -dependency_info -Xlinker /Users/guangleiwang/phD/kernel/Gravity/build/CMakeFiles/CMakeTmp/CMAKE_TRY_COMPILE.build/Debug/cmTryCompileExec1436063726.build/Objects-normal/x86_64/cmTryCompileExec1436063726_dependency_info.dat -o /Users/guangleiwang/phD/kernel/Gravity/build/CMakeFiles/CMakeTmp/Debug/cmTryCompileExec1436063726]
  ignore line: [Apple LLVM version 8.1.0 (clang-802.0.42)]
  ignore line: [Target: x86_64-apple-darwin16.6.0]
  ignore line: [Thread model: posix]
  ignore line: [InstalledDir: /Applications/Xcode.app/Contents/Developer/Toolchains/XcodeDefault.xctoolchain/usr/bin]
  reduced line: [ "/Applications/Xcode.app/Contents/Developer/Toolchains/XcodeDefault.xctoolchain/usr/bin/ld" -demangle -lto_library /Applications/Xcode.app/Contents/Developer/Toolchains/XcodeDefault.xctoolchain/usr/lib/libLTO.dylib -dynamic -arch x86_64 -macosx_version_min 10.12.0 -syslibroot /Applications/Xcode.app/Contents/Developer/Platforms/MacOSX.platform/Developer/SDKs/MacOSX10.12.sdk -o /Users/guangleiwang/phD/kernel/Gravity/build/CMakeFiles/CMakeTmp/Debug/cmTryCompileExec1436063726 -L/Users/guangleiwang/phD/kernel/Gravity/build/CMakeFiles/CMakeTmp/Debug -filelist /Users/guangleiwang/phD/kernel/Gravity/build/CMakeFiles/CMakeTmp/CMAKE_TRY_COMPILE.build/Debug/cmTryCompileExec1436063726.build/Objects-normal/x86_64/cmTryCompileExec1436063726.LinkFileList -no_deduplicate -v -search_paths_first -headerpad_max_install_names -dependency_info /Users/guangleiwang/phD/kernel/Gravity/build/CMakeFiles/CMakeTmp/CMAKE_TRY_COMPILE.build/Debug/cmTryCompileExec1436063726.build/Objects-normal/x86_64/cmTryCompileExec1436063726_dependency_info.dat -lc++ -lSystem /Applications/Xcode.app/Contents/Developer/Toolchains/XcodeDefault.xctoolchain/usr/bin/../lib/clang/8.1.0/lib/darwin/libclang_rt.osx.a -F/Users/guangleiwang/phD/kernel/Gravity/build/CMakeFiles/CMakeTmp/Debug]
            to: [ "/Applications/Xcode.app/Contents/Developer/Toolchains/XcodeDefault.xctoolchain/usr/bin/ld" -demangle -lto_library /Applications/Xcode.app/Contents/Developer/Toolchains/XcodeDefault.xctoolchain/usr/lib/libLTO.dylib -dynamic -arch x86_64 -macosx_version_min 10.12.0 -syslibroot /Applications/Xcode.app/Contents/Developer/Platforms/MacOSX.platform/Developer/SDKs/MacOSX10.12.sdk -o /Users/guangleiwang/phD/kernel/Gravity/build/CMakeFiles/CMakeTmp/Debug/cmTryCompileExec1436063726 -filelist /Users/guangleiwang/phD/kernel/Gravity/build/CMakeFiles/CMakeTmp/CMAKE_TRY_COMPILE.build/Debug/cmTryCompileExec1436063726.build/Objects-normal/x86_64/cmTryCompileExec1436063726.LinkFileList -no_deduplicate -v -search_paths_first -headerpad_max_install_names -dependency_info /Users/guangleiwang/phD/kernel/Gravity/build/CMakeFiles/CMakeTmp/CMAKE_TRY_COMPILE.build/Debug/cmTryCompileExec1436063726.build/Objects-normal/x86_64/cmTryCompileExec1436063726_dependency_info.dat -lc++ -lSystem /Applications/Xcode.app/Contents/Developer/Toolchains/XcodeDefault.xctoolchain/usr/bin/../lib/clang/8.1.0/lib/darwin/libclang_rt.osx.a ]
  link line: [ "/Applications/Xcode.app/Contents/Developer/Toolchains/XcodeDefault.xctoolchain/usr/bin/ld" -demangle -lto_library /Applications/Xcode.app/Contents/Developer/Toolchains/XcodeDefault.xctoolchain/usr/lib/libLTO.dylib -dynamic -arch x86_64 -macosx_version_min 10.12.0 -syslibroot /Applications/Xcode.app/Contents/Developer/Platforms/MacOSX.platform/Developer/SDKs/MacOSX10.12.sdk -o /Users/guangleiwang/phD/kernel/Gravity/build/CMakeFiles/CMakeTmp/Debug/cmTryCompileExec1436063726 -filelist /Users/guangleiwang/phD/kernel/Gravity/build/CMakeFiles/CMakeTmp/CMAKE_TRY_COMPILE.build/Debug/cmTryCompileExec1436063726.build/Objects-normal/x86_64/cmTryCompileExec1436063726.LinkFileList -no_deduplicate -v -search_paths_first -headerpad_max_install_names -dependency_info /Users/guangleiwang/phD/kernel/Gravity/build/CMakeFiles/CMakeTmp/CMAKE_TRY_COMPILE.build/Debug/cmTryCompileExec1436063726.build/Objects-normal/x86_64/cmTryCompileExec1436063726_dependency_info.dat -lc++ -lSystem /Applications/Xcode.app/Contents/Developer/Toolchains/XcodeDefault.xctoolchain/usr/bin/../lib/clang/8.1.0/lib/darwin/libclang_rt.osx.a ]
    arg [/Applications/Xcode.app/Contents/Developer/Toolchains/XcodeDefault.xctoolchain/usr/bin/ld] ==> ignore
    arg [-demangle] ==> ignore
    arg [-lto_library] ==> lib [to_library]
    arg [/Applications/Xcode.app/Contents/Developer/Toolchains/XcodeDefault.xctoolchain/usr/lib/libLTO.dylib] ==> ignore
    arg [-dynamic] ==> ignore
    arg [-arch] ==> ignore
    arg [x86_64] ==> ignore
    arg [-macosx_version_min] ==> ignore
    arg [10.12.0] ==> ignore
    arg [-syslibroot] ==> ignore
    arg [/Applications/Xcode.app/Contents/Developer/Platforms/MacOSX.platform/Developer/SDKs/MacOSX10.12.sdk] ==> ignore
    arg [-o] ==> ignore
    arg [/Users/guangleiwang/phD/kernel/Gravity/build/CMakeFiles/CMakeTmp/Debug/cmTryCompileExec1436063726] ==> ignore
    arg [-filelist] ==> ignore
    arg [/Users/guangleiwang/phD/kernel/Gravity/build/CMakeFiles/CMakeTmp/CMAKE_TRY_COMPILE.build/Debug/cmTryCompileExec1436063726.build/Objects-normal/x86_64/cmTryCompileExec1436063726.LinkFileList] ==> ignore
    arg [-no_deduplicate] ==> ignore
    arg [-v] ==> ignore
    arg [-search_paths_first] ==> ignore
    arg [-headerpad_max_install_names] ==> ignore
    arg [-dependency_info] ==> ignore
    arg [/Users/guangleiwang/phD/kernel/Gravity/build/CMakeFiles/CMakeTmp/CMAKE_TRY_COMPILE.build/Debug/cmTryCompileExec1436063726.build/Objects-normal/x86_64/cmTryCompileExec1436063726_dependency_info.dat] ==> ignore
    arg [-lc++] ==> lib [c++]
    arg [-lSystem] ==> lib [System]
    arg [/Applications/Xcode.app/Contents/Developer/Toolchains/XcodeDefault.xctoolchain/usr/bin/../lib/clang/8.1.0/lib/darwin/libclang_rt.osx.a] ==> lib [/Applications/Xcode.app/Contents/Developer/Toolchains/XcodeDefault.xctoolchain/usr/bin/../lib/clang/8.1.0/lib/darwin/libclang_rt.osx.a]
  Library search paths: [;/Users/guangleiwang/phD/kernel/Gravity/build/CMakeFiles/CMakeTmp/Debug;/Applications/Xcode.app/Contents/Developer/Platforms/MacOSX.platform/Developer/SDKs/MacOSX10.12.sdk/usr/lib]
  Framework search paths: [;/Users/guangleiwang/phD/kernel/Gravity/build/CMakeFiles/CMakeTmp/Debug;/Applications/Xcode.app/Contents/Developer/Platforms/MacOSX.platform/Developer/SDKs/MacOSX10.12.sdk/System/Library/Frameworks/]
  remove lib [System]
  collapse lib [/Applications/Xcode.app/Contents/Developer/Toolchains/XcodeDefault.xctoolchain/usr/bin/../lib/clang/8.1.0/lib/darwin/libclang_rt.osx.a] ==> [/Applications/Xcode.app/Contents/Developer/Toolchains/XcodeDefault.xctoolchain/usr/lib/clang/8.1.0/lib/darwin/libclang_rt.osx.a]
  collapse library dir [/Users/guangleiwang/phD/kernel/Gravity/build/CMakeFiles/CMakeTmp/Debug] ==> [/Users/guangleiwang/phD/kernel/Gravity/build/CMakeFiles/CMakeTmp/Debug], skipping non-system directory
  collapse library dir [/Applications/Xcode.app/Contents/Developer/Platforms/MacOSX.platform/Developer/SDKs/MacOSX10.12.sdk/usr/lib] ==> [/Applications/Xcode.app/Contents/Developer/Platforms/MacOSX.platform/Developer/SDKs/MacOSX10.12.sdk/usr/lib]
  collapse framework dir [/Users/guangleiwang/phD/kernel/Gravity/build/CMakeFiles/CMakeTmp/Debug] ==> [/Users/guangleiwang/phD/kernel/Gravity/build/CMakeFiles/CMakeTmp/Debug], skipping non-system directory
  collapse framework dir [/Applications/Xcode.app/Contents/Developer/Platforms/MacOSX.platform/Developer/SDKs/MacOSX10.12.sdk/System/Library/Frameworks/] ==> [/Applications/Xcode.app/Contents/Developer/Platforms/MacOSX.platform/Developer/SDKs/MacOSX10.12.sdk/System/Library/Frameworks]
  implicit libs: [to_library;c++;/Applications/Xcode.app/Contents/Developer/Toolchains/XcodeDefault.xctoolchain/usr/lib/clang/8.1.0/lib/darwin/libclang_rt.osx.a]
  implicit dirs: [/Applications/Xcode.app/Contents/Developer/Platforms/MacOSX.platform/Developer/SDKs/MacOSX10.12.sdk/usr/lib]
  implicit fwks: [/Applications/Xcode.app/Contents/Developer/Platforms/MacOSX.platform/Developer/SDKs/MacOSX10.12.sdk/System/Library/Frameworks]




Detecting CXX [-std=c++1y] compiler features compiled with the following output:
Change Dir: /Users/guangleiwang/phD/kernel/Gravity/build/CMakeFiles/CMakeTmp

Run Build Command:"/usr/bin/xcodebuild" "-project" "CMAKE_TRY_COMPILE.xcodeproj" "build" "-target" "cmTryCompileExec3865933797" "-configuration" "Debug"
=== BUILD TARGET cmTryCompileExec3865933797 OF PROJECT CMAKE_TRY_COMPILE WITH CONFIGURATION Debug ===

Check dependencies

Write auxiliary files
/bin/mkdir -p /Users/guangleiwang/phD/kernel/Gravity/build/CMakeFiles/CMakeTmp/CMAKE_TRY_COMPILE.build/Debug/cmTryCompileExec3865933797.build/Objects-normal/x86_64
write-file /Users/guangleiwang/phD/kernel/Gravity/build/CMakeFiles/CMakeTmp/CMAKE_TRY_COMPILE.build/Debug/cmTryCompileExec3865933797.build/Objects-normal/x86_64/cmTryCompileExec3865933797.LinkFileList

CompileC CMAKE_TRY_COMPILE.build/Debug/cmTryCompileExec3865933797.build/Objects-normal/x86_64/feature_tests.o /Users/guangleiwang/phD/kernel/Gravity/build/CMakeFiles/feature_tests.cxx normal x86_64 c++ com.apple.compilers.llvm.clang.1_0.compiler
    cd /Users/guangleiwang/phD/kernel/Gravity/build/CMakeFiles/CMakeTmp
    export LANG=en_US.US-ASCII
    /Applications/Xcode.app/Contents/Developer/Toolchains/XcodeDefault.xctoolchain/usr/bin/clang -x c++ -arch x86_64 -fmessage-length=0 -fdiagnostics-show-note-include-stack -fmacro-backtrace-limit=0 -Wno-trigraphs -fpascal-strings -O0 -Wno-missing-field-initializers -Wno-missing-prototypes -Wno-return-type -Wno-non-virtual-dtor -Wno-overloaded-virtual -Wno-exit-time-destructors -Wno-missing-braces -Wparentheses -Wswitch -Wno-unused-function -Wno-unused-label -Wno-unused-parameter -Wno-unused-variable -Wunused-value -Wno-empty-body -Wno-uninitialized -Wno-unknown-pragmas -Wno-shadow -Wno-four-char-constants -Wno-conversion -Wno-constant-conversion -Wno-int-conversion -Wno-bool-conversion -Wno-enum-conversion -Wno-shorten-64-to-32 -Wno-newline-eof -Wno-c++11-extensions -DCMAKE_INTDIR=\"Debug\" -isysroot /Applications/Xcode.app/Contents/Developer/Platforms/MacOSX.platform/Developer/SDKs/MacOSX10.12.sdk -fasm-blocks -fstrict-aliasing -Wdeprecated-declarations -Winvalid-offsetof -mmacosx-version-min=10.12 -Wno-sign-conversion -Wno-infinite-recursion -Wno-move -I/Users/guangleiwang/phD/kernel/Gravity/build/CMakeFiles/CMakeTmp/Debug/include -I/Users/guangleiwang/phD/kernel/Gravity/build/CMakeFiles/CMakeTmp/CMAKE_TRY_COMPILE.build/Debug/cmTryCompileExec3865933797.build/DerivedSources/x86_64 -I/Users/guangleiwang/phD/kernel/Gravity/build/CMakeFiles/CMakeTmp/CMAKE_TRY_COMPILE.build/Debug/cmTryCompileExec3865933797.build/DerivedSources -Wmost -Wno-four-char-constants -Wno-unknown-pragmas -F/Users/guangleiwang/phD/kernel/Gravity/build/CMakeFiles/CMakeTmp/Debug -g -std=c++1y -MMD -MT dependencies -MF /Users/guangleiwang/phD/kernel/Gravity/build/CMakeFiles/CMakeTmp/CMAKE_TRY_COMPILE.build/Debug/cmTryCompileExec3865933797.build/Objects-normal/x86_64/feature_tests.d --serialize-diagnostics /Users/guangleiwang/phD/kernel/Gravity/build/CMakeFiles/CMakeTmp/CMAKE_TRY_COMPILE.build/Debug/cmTryCompileExec3865933797.build/Objects-normal/x86_64/feature_tests.dia -c /Users/guangleiwang/phD/kernel/Gravity/build/CMakeFiles/feature_tests.cxx -o /Users/guangleiwang/phD/kernel/Gravity/build/CMakeFiles/CMakeTmp/CMAKE_TRY_COMPILE.build/Debug/cmTryCompileExec3865933797.build/Objects-normal/x86_64/feature_tests.o

Ld Debug/cmTryCompileExec3865933797 normal x86_64
    cd /Users/guangleiwang/phD/kernel/Gravity/build/CMakeFiles/CMakeTmp
    export MACOSX_DEPLOYMENT_TARGET=10.12
    /Applications/Xcode.app/Contents/Developer/Toolchains/XcodeDefault.xctoolchain/usr/bin/clang++ -arch x86_64 -isysroot /Applications/Xcode.app/Contents/Developer/Platforms/MacOSX.platform/Developer/SDKs/MacOSX10.12.sdk -L/Users/guangleiwang/phD/kernel/Gravity/build/CMakeFiles/CMakeTmp/Debug -F/Users/guangleiwang/phD/kernel/Gravity/build/CMakeFiles/CMakeTmp/Debug -filelist /Users/guangleiwang/phD/kernel/Gravity/build/CMakeFiles/CMakeTmp/CMAKE_TRY_COMPILE.build/Debug/cmTryCompileExec3865933797.build/Objects-normal/x86_64/cmTryCompileExec3865933797.LinkFileList -mmacosx-version-min=10.12 -Xlinker -no_deduplicate -Wl,-search_paths_first -Wl,-headerpad_max_install_names -Xlinker -dependency_info -Xlinker /Users/guangleiwang/phD/kernel/Gravity/build/CMakeFiles/CMakeTmp/CMAKE_TRY_COMPILE.build/Debug/cmTryCompileExec3865933797.build/Objects-normal/x86_64/cmTryCompileExec3865933797_dependency_info.dat -o /Users/guangleiwang/phD/kernel/Gravity/build/CMakeFiles/CMakeTmp/Debug/cmTryCompileExec3865933797

** BUILD SUCCEEDED **



    Feature record: CXX_FEATURE:1cxx_aggregate_default_initializers
    Feature record: CXX_FEATURE:1cxx_alias_templates
    Feature record: CXX_FEATURE:1cxx_alignas
    Feature record: CXX_FEATURE:1cxx_alignof
    Feature record: CXX_FEATURE:1cxx_attributes
    Feature record: CXX_FEATURE:1cxx_attribute_deprecated
    Feature record: CXX_FEATURE:1cxx_auto_type
    Feature record: CXX_FEATURE:1cxx_binary_literals
    Feature record: CXX_FEATURE:1cxx_constexpr
    Feature record: CXX_FEATURE:1cxx_contextual_conversions
    Feature record: CXX_FEATURE:1cxx_decltype
    Feature record: CXX_FEATURE:1cxx_decltype_auto
    Feature record: CXX_FEATURE:1cxx_decltype_incomplete_return_types
    Feature record: CXX_FEATURE:1cxx_default_function_template_args
    Feature record: CXX_FEATURE:1cxx_defaulted_functions
    Feature record: CXX_FEATURE:1cxx_defaulted_move_initializers
    Feature record: CXX_FEATURE:1cxx_delegating_constructors
    Feature record: CXX_FEATURE:1cxx_deleted_functions
    Feature record: CXX_FEATURE:1cxx_digit_separators
    Feature record: CXX_FEATURE:1cxx_enum_forward_declarations
    Feature record: CXX_FEATURE:1cxx_explicit_conversions
    Feature record: CXX_FEATURE:1cxx_extended_friend_declarations
    Feature record: CXX_FEATURE:1cxx_extern_templates
    Feature record: CXX_FEATURE:1cxx_final
    Feature record: CXX_FEATURE:1cxx_func_identifier
    Feature record: CXX_FEATURE:1cxx_generalized_initializers
    Feature record: CXX_FEATURE:1cxx_generic_lambdas
    Feature record: CXX_FEATURE:1cxx_inheriting_constructors
    Feature record: CXX_FEATURE:1cxx_inline_namespaces
    Feature record: CXX_FEATURE:1cxx_lambdas
    Feature record: CXX_FEATURE:1cxx_lambda_init_captures
    Feature record: CXX_FEATURE:1cxx_local_type_template_args
    Feature record: CXX_FEATURE:1cxx_long_long_type
    Feature record: CXX_FEATURE:1cxx_noexcept
    Feature record: CXX_FEATURE:1cxx_nonstatic_member_init
    Feature record: CXX_FEATURE:1cxx_nullptr
    Feature record: CXX_FEATURE:1cxx_override
    Feature record: CXX_FEATURE:1cxx_range_for
    Feature record: CXX_FEATURE:1cxx_raw_string_literals
    Feature record: CXX_FEATURE:1cxx_reference_qualified_functions
    Feature record: CXX_FEATURE:1cxx_relaxed_constexpr
    Feature record: CXX_FEATURE:1cxx_return_type_deduction
    Feature record: CXX_FEATURE:1cxx_right_angle_brackets
    Feature record: CXX_FEATURE:1cxx_rvalue_references
    Feature record: CXX_FEATURE:1cxx_sizeof_member
    Feature record: CXX_FEATURE:1cxx_static_assert
    Feature record: CXX_FEATURE:1cxx_strong_enums
    Feature record: CXX_FEATURE:1cxx_template_template_parameters
    Feature record: CXX_FEATURE:1cxx_thread_local
    Feature record: CXX_FEATURE:1cxx_trailing_return_types
    Feature record: CXX_FEATURE:1cxx_unicode_literals
    Feature record: CXX_FEATURE:1cxx_uniform_initialization
    Feature record: CXX_FEATURE:1cxx_unrestricted_unions
    Feature record: CXX_FEATURE:1cxx_user_literals
    Feature record: CXX_FEATURE:1cxx_variable_templates
    Feature record: CXX_FEATURE:1cxx_variadic_macros
    Feature record: CXX_FEATURE:1cxx_variadic_templates


Detecting CXX [-std=c++11] compiler features compiled with the following output:
Change Dir: /Users/guangleiwang/phD/kernel/Gravity/build/CMakeFiles/CMakeTmp

Run Build Command:"/usr/bin/xcodebuild" "-project" "CMAKE_TRY_COMPILE.xcodeproj" "build" "-target" "cmTryCompileExec2684087608" "-configuration" "Debug"
=== BUILD TARGET cmTryCompileExec2684087608 OF PROJECT CMAKE_TRY_COMPILE WITH CONFIGURATION Debug ===

Check dependencies

Write auxiliary files
/bin/mkdir -p /Users/guangleiwang/phD/kernel/Gravity/build/CMakeFiles/CMakeTmp/CMAKE_TRY_COMPILE.build/Debug/cmTryCompileExec2684087608.build/Objects-normal/x86_64
write-file /Users/guangleiwang/phD/kernel/Gravity/build/CMakeFiles/CMakeTmp/CMAKE_TRY_COMPILE.build/Debug/cmTryCompileExec2684087608.build/Objects-normal/x86_64/cmTryCompileExec2684087608.LinkFileList

CompileC CMAKE_TRY_COMPILE.build/Debug/cmTryCompileExec2684087608.build/Objects-normal/x86_64/feature_tests.o /Users/guangleiwang/phD/kernel/Gravity/build/CMakeFiles/feature_tests.cxx normal x86_64 c++ com.apple.compilers.llvm.clang.1_0.compiler
    cd /Users/guangleiwang/phD/kernel/Gravity/build/CMakeFiles/CMakeTmp
    export LANG=en_US.US-ASCII
    /Applications/Xcode.app/Contents/Developer/Toolchains/XcodeDefault.xctoolchain/usr/bin/clang -x c++ -arch x86_64 -fmessage-length=0 -fdiagnostics-show-note-include-stack -fmacro-backtrace-limit=0 -Wno-trigraphs -fpascal-strings -O0 -Wno-missing-field-initializers -Wno-missing-prototypes -Wno-return-type -Wno-non-virtual-dtor -Wno-overloaded-virtual -Wno-exit-time-destructors -Wno-missing-braces -Wparentheses -Wswitch -Wno-unused-function -Wno-unused-label -Wno-unused-parameter -Wno-unused-variable -Wunused-value -Wno-empty-body -Wno-uninitialized -Wno-unknown-pragmas -Wno-shadow -Wno-four-char-constants -Wno-conversion -Wno-constant-conversion -Wno-int-conversion -Wno-bool-conversion -Wno-enum-conversion -Wno-shorten-64-to-32 -Wno-newline-eof -Wno-c++11-extensions -DCMAKE_INTDIR=\"Debug\" -isysroot /Applications/Xcode.app/Contents/Developer/Platforms/MacOSX.platform/Developer/SDKs/MacOSX10.12.sdk -fasm-blocks -fstrict-aliasing -Wdeprecated-declarations -Winvalid-offsetof -mmacosx-version-min=10.12 -Wno-sign-conversion -Wno-infinite-recursion -Wno-move -I/Users/guangleiwang/phD/kernel/Gravity/build/CMakeFiles/CMakeTmp/Debug/include -I/Users/guangleiwang/phD/kernel/Gravity/build/CMakeFiles/CMakeTmp/CMAKE_TRY_COMPILE.build/Debug/cmTryCompileExec2684087608.build/DerivedSources/x86_64 -I/Users/guangleiwang/phD/kernel/Gravity/build/CMakeFiles/CMakeTmp/CMAKE_TRY_COMPILE.build/Debug/cmTryCompileExec2684087608.build/DerivedSources -Wmost -Wno-four-char-constants -Wno-unknown-pragmas -F/Users/guangleiwang/phD/kernel/Gravity/build/CMakeFiles/CMakeTmp/Debug -g -std=c++11 -MMD -MT dependencies -MF /Users/guangleiwang/phD/kernel/Gravity/build/CMakeFiles/CMakeTmp/CMAKE_TRY_COMPILE.build/Debug/cmTryCompileExec2684087608.build/Objects-normal/x86_64/feature_tests.d --serialize-diagnostics /Users/guangleiwang/phD/kernel/Gravity/build/CMakeFiles/CMakeTmp/CMAKE_TRY_COMPILE.build/Debug/cmTryCompileExec2684087608.build/Objects-normal/x86_64/feature_tests.dia -c /Users/guangleiwang/phD/kernel/Gravity/build/CMakeFiles/feature_tests.cxx -o /Users/guangleiwang/phD/kernel/Gravity/build/CMakeFiles/CMakeTmp/CMAKE_TRY_COMPILE.build/Debug/cmTryCompileExec2684087608.build/Objects-normal/x86_64/feature_tests.o

Ld Debug/cmTryCompileExec2684087608 normal x86_64
    cd /Users/guangleiwang/phD/kernel/Gravity/build/CMakeFiles/CMakeTmp
    export MACOSX_DEPLOYMENT_TARGET=10.12
    /Applications/Xcode.app/Contents/Developer/Toolchains/XcodeDefault.xctoolchain/usr/bin/clang++ -arch x86_64 -isysroot /Applications/Xcode.app/Contents/Developer/Platforms/MacOSX.platform/Developer/SDKs/MacOSX10.12.sdk -L/Users/guangleiwang/phD/kernel/Gravity/build/CMakeFiles/CMakeTmp/Debug -F/Users/guangleiwang/phD/kernel/Gravity/build/CMakeFiles/CMakeTmp/Debug -filelist /Users/guangleiwang/phD/kernel/Gravity/build/CMakeFiles/CMakeTmp/CMAKE_TRY_COMPILE.build/Debug/cmTryCompileExec2684087608.build/Objects-normal/x86_64/cmTryCompileExec2684087608.LinkFileList -mmacosx-version-min=10.12 -Xlinker -no_deduplicate -Wl,-search_paths_first -Wl,-headerpad_max_install_names -Xlinker -dependency_info -Xlinker /Users/guangleiwang/phD/kernel/Gravity/build/CMakeFiles/CMakeTmp/CMAKE_TRY_COMPILE.build/Debug/cmTryCompileExec2684087608.build/Objects-normal/x86_64/cmTryCompileExec2684087608_dependency_info.dat -o /Users/guangleiwang/phD/kernel/Gravity/build/CMakeFiles/CMakeTmp/Debug/cmTryCompileExec2684087608

** BUILD SUCCEEDED **



    Feature record: CXX_FEATURE:0cxx_aggregate_default_initializers
    Feature record: CXX_FEATURE:1cxx_alias_templates
    Feature record: CXX_FEATURE:1cxx_alignas
    Feature record: CXX_FEATURE:1cxx_alignof
    Feature record: CXX_FEATURE:1cxx_attributes
    Feature record: CXX_FEATURE:0cxx_attribute_deprecated
    Feature record: CXX_FEATURE:1cxx_auto_type
    Feature record: CXX_FEATURE:0cxx_binary_literals
    Feature record: CXX_FEATURE:1cxx_constexpr
    Feature record: CXX_FEATURE:0cxx_contextual_conversions
    Feature record: CXX_FEATURE:1cxx_decltype
    Feature record: CXX_FEATURE:0cxx_decltype_auto
    Feature record: CXX_FEATURE:1cxx_decltype_incomplete_return_types
    Feature record: CXX_FEATURE:1cxx_default_function_template_args
    Feature record: CXX_FEATURE:1cxx_defaulted_functions
    Feature record: CXX_FEATURE:1cxx_defaulted_move_initializers
    Feature record: CXX_FEATURE:1cxx_delegating_constructors
    Feature record: CXX_FEATURE:1cxx_deleted_functions
    Feature record: CXX_FEATURE:0cxx_digit_separators
    Feature record: CXX_FEATURE:1cxx_enum_forward_declarations
    Feature record: CXX_FEATURE:1cxx_explicit_conversions
    Feature record: CXX_FEATURE:1cxx_extended_friend_declarations
    Feature record: CXX_FEATURE:1cxx_extern_templates
    Feature record: CXX_FEATURE:1cxx_final
    Feature record: CXX_FEATURE:1cxx_func_identifier
    Feature record: CXX_FEATURE:1cxx_generalized_initializers
    Feature record: CXX_FEATURE:0cxx_generic_lambdas
    Feature record: CXX_FEATURE:1cxx_inheriting_constructors
    Feature record: CXX_FEATURE:1cxx_inline_namespaces
    Feature record: CXX_FEATURE:1cxx_lambdas
    Feature record: CXX_FEATURE:0cxx_lambda_init_captures
    Feature record: CXX_FEATURE:1cxx_local_type_template_args
    Feature record: CXX_FEATURE:1cxx_long_long_type
    Feature record: CXX_FEATURE:1cxx_noexcept
    Feature record: CXX_FEATURE:1cxx_nonstatic_member_init
    Feature record: CXX_FEATURE:1cxx_nullptr
    Feature record: CXX_FEATURE:1cxx_override
    Feature record: CXX_FEATURE:1cxx_range_for
    Feature record: CXX_FEATURE:1cxx_raw_string_literals
    Feature record: CXX_FEATURE:1cxx_reference_qualified_functions
    Feature record: CXX_FEATURE:0cxx_relaxed_constexpr
    Feature record: CXX_FEATURE:0cxx_return_type_deduction
    Feature record: CXX_FEATURE:1cxx_right_angle_brackets
    Feature record: CXX_FEATURE:1cxx_rvalue_references
    Feature record: CXX_FEATURE:1cxx_sizeof_member
    Feature record: CXX_FEATURE:1cxx_static_assert
    Feature record: CXX_FEATURE:1cxx_strong_enums
    Feature record: CXX_FEATURE:1cxx_template_template_parameters
    Feature record: CXX_FEATURE:1cxx_thread_local
    Feature record: CXX_FEATURE:1cxx_trailing_return_types
    Feature record: CXX_FEATURE:1cxx_unicode_literals
    Feature record: CXX_FEATURE:1cxx_uniform_initialization
    Feature record: CXX_FEATURE:1cxx_unrestricted_unions
    Feature record: CXX_FEATURE:1cxx_user_literals
    Feature record: CXX_FEATURE:0cxx_variable_templates
    Feature record: CXX_FEATURE:1cxx_variadic_macros
    Feature record: CXX_FEATURE:1cxx_variadic_templates


Detecting CXX [-std=c++98] compiler features compiled with the following output:
Change Dir: /Users/guangleiwang/phD/kernel/Gravity/build/CMakeFiles/CMakeTmp

Run Build Command:"/usr/bin/xcodebuild" "-project" "CMAKE_TRY_COMPILE.xcodeproj" "build" "-target" "cmTryCompileExec3029465122" "-configuration" "Debug"
=== BUILD TARGET cmTryCompileExec3029465122 OF PROJECT CMAKE_TRY_COMPILE WITH CONFIGURATION Debug ===

Check dependencies

Write auxiliary files
/bin/mkdir -p /Users/guangleiwang/phD/kernel/Gravity/build/CMakeFiles/CMakeTmp/CMAKE_TRY_COMPILE.build/Debug/cmTryCompileExec3029465122.build/Objects-normal/x86_64
write-file /Users/guangleiwang/phD/kernel/Gravity/build/CMakeFiles/CMakeTmp/CMAKE_TRY_COMPILE.build/Debug/cmTryCompileExec3029465122.build/Objects-normal/x86_64/cmTryCompileExec3029465122.LinkFileList

CompileC CMAKE_TRY_COMPILE.build/Debug/cmTryCompileExec3029465122.build/Objects-normal/x86_64/feature_tests.o /Users/guangleiwang/phD/kernel/Gravity/build/CMakeFiles/feature_tests.cxx normal x86_64 c++ com.apple.compilers.llvm.clang.1_0.compiler
    cd /Users/guangleiwang/phD/kernel/Gravity/build/CMakeFiles/CMakeTmp
    export LANG=en_US.US-ASCII
    /Applications/Xcode.app/Contents/Developer/Toolchains/XcodeDefault.xctoolchain/usr/bin/clang -x c++ -arch x86_64 -fmessage-length=0 -fdiagnostics-show-note-include-stack -fmacro-backtrace-limit=0 -Wno-trigraphs -fpascal-strings -O0 -Wno-missing-field-initializers -Wno-missing-prototypes -Wno-return-type -Wno-non-virtual-dtor -Wno-overloaded-virtual -Wno-exit-time-destructors -Wno-missing-braces -Wparentheses -Wswitch -Wno-unused-function -Wno-unused-label -Wno-unused-parameter -Wno-unused-variable -Wunused-value -Wno-empty-body -Wno-uninitialized -Wno-unknown-pragmas -Wno-shadow -Wno-four-char-constants -Wno-conversion -Wno-constant-conversion -Wno-int-conversion -Wno-bool-conversion -Wno-enum-conversion -Wno-shorten-64-to-32 -Wno-newline-eof -Wno-c++11-extensions -DCMAKE_INTDIR=\"Debug\" -isysroot /Applications/Xcode.app/Contents/Developer/Platforms/MacOSX.platform/Developer/SDKs/MacOSX10.12.sdk -fasm-blocks -fstrict-aliasing -Wdeprecated-declarations -Winvalid-offsetof -mmacosx-version-min=10.12 -Wno-sign-conversion -Wno-infinite-recursion -Wno-move -I/Users/guangleiwang/phD/kernel/Gravity/build/CMakeFiles/CMakeTmp/Debug/include -I/Users/guangleiwang/phD/kernel/Gravity/build/CMakeFiles/CMakeTmp/CMAKE_TRY_COMPILE.build/Debug/cmTryCompileExec3029465122.build/DerivedSources/x86_64 -I/Users/guangleiwang/phD/kernel/Gravity/build/CMakeFiles/CMakeTmp/CMAKE_TRY_COMPILE.build/Debug/cmTryCompileExec3029465122.build/DerivedSources -Wmost -Wno-four-char-constants -Wno-unknown-pragmas -F/Users/guangleiwang/phD/kernel/Gravity/build/CMakeFiles/CMakeTmp/Debug -g -std=c++98 -MMD -MT dependencies -MF /Users/guangleiwang/phD/kernel/Gravity/build/CMakeFiles/CMakeTmp/CMAKE_TRY_COMPILE.build/Debug/cmTryCompileExec3029465122.build/Objects-normal/x86_64/feature_tests.d --serialize-diagnostics /Users/guangleiwang/phD/kernel/Gravity/build/CMakeFiles/CMakeTmp/CMAKE_TRY_COMPILE.build/Debug/cmTryCompileExec3029465122.build/Objects-normal/x86_64/feature_tests.dia -c /Users/guangleiwang/phD/kernel/Gravity/build/CMakeFiles/feature_tests.cxx -o /Users/guangleiwang/phD/kernel/Gravity/build/CMakeFiles/CMakeTmp/CMAKE_TRY_COMPILE.build/Debug/cmTryCompileExec3029465122.build/Objects-normal/x86_64/feature_tests.o

Ld Debug/cmTryCompileExec3029465122 normal x86_64
    cd /Users/guangleiwang/phD/kernel/Gravity/build/CMakeFiles/CMakeTmp
    export MACOSX_DEPLOYMENT_TARGET=10.12
    /Applications/Xcode.app/Contents/Developer/Toolchains/XcodeDefault.xctoolchain/usr/bin/clang++ -arch x86_64 -isysroot /Applications/Xcode.app/Contents/Developer/Platforms/MacOSX.platform/Developer/SDKs/MacOSX10.12.sdk -L/Users/guangleiwang/phD/kernel/Gravity/build/CMakeFiles/CMakeTmp/Debug -F/Users/guangleiwang/phD/kernel/Gravity/build/CMakeFiles/CMakeTmp/Debug -filelist /Users/guangleiwang/phD/kernel/Gravity/build/CMakeFiles/CMakeTmp/CMAKE_TRY_COMPILE.build/Debug/cmTryCompileExec3029465122.build/Objects-normal/x86_64/cmTryCompileExec3029465122.LinkFileList -mmacosx-version-min=10.12 -Xlinker -no_deduplicate -Wl,-search_paths_first -Wl,-headerpad_max_install_names -Xlinker -dependency_info -Xlinker /Users/guangleiwang/phD/kernel/Gravity/build/CMakeFiles/CMakeTmp/CMAKE_TRY_COMPILE.build/Debug/cmTryCompileExec3029465122.build/Objects-normal/x86_64/cmTryCompileExec3029465122_dependency_info.dat -o /Users/guangleiwang/phD/kernel/Gravity/build/CMakeFiles/CMakeTmp/Debug/cmTryCompileExec3029465122

** BUILD SUCCEEDED **



    Feature record: CXX_FEATURE:0cxx_aggregate_default_initializers
    Feature record: CXX_FEATURE:0cxx_alias_templates
    Feature record: CXX_FEATURE:0cxx_alignas
    Feature record: CXX_FEATURE:0cxx_alignof
    Feature record: CXX_FEATURE:0cxx_attributes
    Feature record: CXX_FEATURE:0cxx_attribute_deprecated
    Feature record: CXX_FEATURE:0cxx_auto_type
    Feature record: CXX_FEATURE:0cxx_binary_literals
    Feature record: CXX_FEATURE:0cxx_constexpr
    Feature record: CXX_FEATURE:0cxx_contextual_conversions
    Feature record: CXX_FEATURE:0cxx_decltype
    Feature record: CXX_FEATURE:0cxx_decltype_auto
    Feature record: CXX_FEATURE:0cxx_decltype_incomplete_return_types
    Feature record: CXX_FEATURE:0cxx_default_function_template_args
    Feature record: CXX_FEATURE:0cxx_defaulted_functions
    Feature record: CXX_FEATURE:0cxx_defaulted_move_initializers
    Feature record: CXX_FEATURE:0cxx_delegating_constructors
    Feature record: CXX_FEATURE:0cxx_deleted_functions
    Feature record: CXX_FEATURE:0cxx_digit_separators
    Feature record: CXX_FEATURE:0cxx_enum_forward_declarations
    Feature record: CXX_FEATURE:0cxx_explicit_conversions
    Feature record: CXX_FEATURE:0cxx_extended_friend_declarations
    Feature record: CXX_FEATURE:0cxx_extern_templates
    Feature record: CXX_FEATURE:0cxx_final
    Feature record: CXX_FEATURE:0cxx_func_identifier
    Feature record: CXX_FEATURE:0cxx_generalized_initializers
    Feature record: CXX_FEATURE:0cxx_generic_lambdas
    Feature record: CXX_FEATURE:0cxx_inheriting_constructors
    Feature record: CXX_FEATURE:0cxx_inline_namespaces
    Feature record: CXX_FEATURE:0cxx_lambdas
    Feature record: CXX_FEATURE:0cxx_lambda_init_captures
    Feature record: CXX_FEATURE:0cxx_local_type_template_args
    Feature record: CXX_FEATURE:0cxx_long_long_type
    Feature record: CXX_FEATURE:0cxx_noexcept
    Feature record: CXX_FEATURE:0cxx_nonstatic_member_init
    Feature record: CXX_FEATURE:0cxx_nullptr
    Feature record: CXX_FEATURE:0cxx_override
    Feature record: CXX_FEATURE:0cxx_range_for
    Feature record: CXX_FEATURE:0cxx_raw_string_literals
    Feature record: CXX_FEATURE:0cxx_reference_qualified_functions
    Feature record: CXX_FEATURE:0cxx_relaxed_constexpr
    Feature record: CXX_FEATURE:0cxx_return_type_deduction
    Feature record: CXX_FEATURE:0cxx_right_angle_brackets
    Feature record: CXX_FEATURE:0cxx_rvalue_references
    Feature record: CXX_FEATURE:0cxx_sizeof_member
    Feature record: CXX_FEATURE:0cxx_static_assert
    Feature record: CXX_FEATURE:0cxx_strong_enums
    Feature record: CXX_FEATURE:1cxx_template_template_parameters
    Feature record: CXX_FEATURE:0cxx_thread_local
    Feature record: CXX_FEATURE:0cxx_trailing_return_types
    Feature record: CXX_FEATURE:0cxx_unicode_literals
    Feature record: CXX_FEATURE:0cxx_uniform_initialization
    Feature record: CXX_FEATURE:0cxx_unrestricted_unions
    Feature record: CXX_FEATURE:0cxx_user_literals
    Feature record: CXX_FEATURE:0cxx_variable_templates
    Feature record: CXX_FEATURE:0cxx_variadic_macros
    Feature record: CXX_FEATURE:0cxx_variadic_templates
